{"C:\\Users\\Musa\\Desktop\\Önerici\\dohman\\dohmantemiz\\src\\core\\event-bus.js": {"path":"C:\\Users\\Musa\\Desktop\\Önerici\\dohman\\dohmantemiz\\src\\core\\event-bus.js","all":false,"statementMap":{"0":{"start":{"line":1,"column":0},"end":{"line":1,"column":43}},"1":{"start":{"line":2,"column":0},"end":{"line":2,"column":14}},"2":{"start":{"line":3,"column":0},"end":{"line":3,"column":24}},"3":{"start":{"line":4,"column":0},"end":{"line":4,"column":26}},"4":{"start":{"line":5,"column":0},"end":{"line":5,"column":12}},"5":{"start":{"line":6,"column":0},"end":{"line":6,"column":19}},"6":{"start":{"line":7,"column":0},"end":{"line":7,"column":51}},"7":{"start":{"line":8,"column":0},"end":{"line":8,"column":29}},"8":{"start":{"line":9,"column":0},"end":{"line":9,"column":39}},"9":{"start":{"line":10,"column":0},"end":{"line":10,"column":8}},"10":{"start":{"line":11,"column":0},"end":{"line":11,"column":20}},"11":{"start":{"line":12,"column":0},"end":{"line":12,"column":33}},"12":{"start":{"line":13,"column":0},"end":{"line":13,"column":18}},"13":{"start":{"line":14,"column":0},"end":{"line":14,"column":25}},"14":{"start":{"line":15,"column":0},"end":{"line":15,"column":41}},"15":{"start":{"line":16,"column":0},"end":{"line":16,"column":9}},"16":{"start":{"line":17,"column":0},"end":{"line":17,"column":8}},"17":{"start":{"line":18,"column":0},"end":{"line":18,"column":26}},"18":{"start":{"line":19,"column":0},"end":{"line":19,"column":33}},"19":{"start":{"line":20,"column":0},"end":{"line":20,"column":18}},"20":{"start":{"line":21,"column":0},"end":{"line":21,"column":31}},"21":{"start":{"line":22,"column":0},"end":{"line":22,"column":17}},"22":{"start":{"line":23,"column":0},"end":{"line":23,"column":26}},"23":{"start":{"line":24,"column":0},"end":{"line":24,"column":25}},"24":{"start":{"line":25,"column":0},"end":{"line":25,"column":77}},"25":{"start":{"line":26,"column":0},"end":{"line":26,"column":13}},"26":{"start":{"line":27,"column":0},"end":{"line":27,"column":13}},"27":{"start":{"line":28,"column":0},"end":{"line":28,"column":9}},"28":{"start":{"line":29,"column":0},"end":{"line":29,"column":8}},"29":{"start":{"line":30,"column":0},"end":{"line":30,"column":6}},"30":{"start":{"line":31,"column":0},"end":{"line":31,"column":3}},"31":{"start":{"line":32,"column":0},"end":{"line":32,"column":52}},"32":{"start":{"line":33,"column":0},"end":{"line":33,"column":37}},"33":{"start":{"line":34,"column":0},"end":{"line":34,"column":48}},"34":{"start":{"line":35,"column":0},"end":{"line":35,"column":5}}},"s":{"0":1,"1":1,"2":1,"3":1,"4":1,"5":1,"6":2,"7":2,"8":2,"9":1,"10":1,"11":3,"12":3,"13":2,"14":2,"15":2,"16":1,"17":1,"18":3,"19":3,"20":2,"21":2,"22":2,"23":2,"24":1,"25":1,"26":2,"27":2,"28":3,"29":1,"30":1,"31":1,"32":1,"33":1,"34":1},"branchMap":{"0":{"type":"branch","line":2,"loc":{"start":{"line":2,"column":1},"end":{"line":35,"column":3}},"locations":[{"start":{"line":2,"column":1},"end":{"line":35,"column":3}}]},"1":{"type":"branch","line":3,"loc":{"start":{"line":3,"column":2},"end":{"line":31,"column":3}},"locations":[{"start":{"line":3,"column":2},"end":{"line":31,"column":3}}]},"2":{"type":"branch","line":6,"loc":{"start":{"line":6,"column":6},"end":{"line":10,"column":7}},"locations":[{"start":{"line":6,"column":6},"end":{"line":10,"column":7}}]},"3":{"type":"branch","line":9,"loc":{"start":{"line":9,"column":15},"end":{"line":9,"column":38}},"locations":[{"start":{"line":9,"column":15},"end":{"line":9,"column":38}}]},"4":{"type":"branch","line":11,"loc":{"start":{"line":11,"column":6},"end":{"line":17,"column":7}},"locations":[{"start":{"line":11,"column":6},"end":{"line":17,"column":7}}]},"5":{"type":"branch","line":13,"loc":{"start":{"line":13,"column":17},"end":{"line":16,"column":9}},"locations":[{"start":{"line":13,"column":17},"end":{"line":16,"column":9}}]},"6":{"type":"branch","line":18,"loc":{"start":{"line":18,"column":6},"end":{"line":29,"column":8}},"locations":[{"start":{"line":18,"column":6},"end":{"line":29,"column":8}}]},"7":{"type":"branch","line":20,"loc":{"start":{"line":20,"column":17},"end":{"line":28,"column":9}},"locations":[{"start":{"line":20,"column":17},"end":{"line":28,"column":9}}]},"8":{"type":"branch","line":21,"loc":{"start":{"line":21,"column":23},"end":{"line":27,"column":11}},"locations":[{"start":{"line":21,"column":23},"end":{"line":27,"column":11}}]},"9":{"type":"branch","line":24,"loc":{"start":{"line":24,"column":14},"end":{"line":26,"column":13}},"locations":[{"start":{"line":24,"column":14},"end":{"line":26,"column":13}}]}},"b":{"0":[1],"1":[1],"2":[2],"3":[2],"4":[3],"5":[2],"6":[3],"7":[2],"8":[2],"9":[1]},"fnMap":{"0":{"name":"createBus","decl":{"start":{"line":3,"column":2},"end":{"line":31,"column":3}},"loc":{"start":{"line":3,"column":2},"end":{"line":31,"column":3}},"line":3},"1":{"name":"on","decl":{"start":{"line":6,"column":6},"end":{"line":10,"column":7}},"loc":{"start":{"line":6,"column":6},"end":{"line":10,"column":7}},"line":6},"2":{"name":"off","decl":{"start":{"line":11,"column":6},"end":{"line":17,"column":7}},"loc":{"start":{"line":11,"column":6},"end":{"line":17,"column":7}},"line":11},"3":{"name":"emit","decl":{"start":{"line":18,"column":6},"end":{"line":29,"column":8}},"loc":{"start":{"line":18,"column":6},"end":{"line":29,"column":8}},"line":18}},"f":{"0":1,"1":2,"2":3,"3":3}}
,"C:\\Users\\Musa\\Desktop\\Önerici\\dohman\\dohmantemiz\\src\\core\\messaging.js": {"path":"C:\\Users\\Musa\\Desktop\\Önerici\\dohman\\dohmantemiz\\src\\core\\messaging.js","all":false,"statementMap":{"0":{"start":{"line":1,"column":0},"end":{"line":1,"column":52}},"1":{"start":{"line":2,"column":0},"end":{"line":2,"column":14}},"2":{"start":{"line":3,"column":0},"end":{"line":3,"column":74}},"3":{"start":{"line":4,"column":0},"end":{"line":4,"column":19}},"4":{"start":{"line":5,"column":0},"end":{"line":5,"column":4}},"5":{"start":{"line":6,"column":0},"end":{"line":6,"column":27}},"6":{"start":{"line":7,"column":0},"end":{"line":7,"column":58}},"7":{"start":{"line":8,"column":0},"end":{"line":8,"column":71}},"8":{"start":{"line":9,"column":0},"end":{"line":9,"column":22}},"9":{"start":{"line":10,"column":0},"end":{"line":10,"column":72}},"10":{"start":{"line":11,"column":0},"end":{"line":11,"column":32}},"11":{"start":{"line":12,"column":0},"end":{"line":12,"column":50}},"12":{"start":{"line":13,"column":0},"end":{"line":13,"column":56}},"13":{"start":{"line":14,"column":0},"end":{"line":14,"column":3}},"14":{"start":{"line":15,"column":0},"end":{"line":15,"column":28}},"15":{"start":{"line":16,"column":0},"end":{"line":16,"column":55}},"16":{"start":{"line":17,"column":0},"end":{"line":17,"column":69}},"17":{"start":{"line":18,"column":0},"end":{"line":18,"column":28}},"18":{"start":{"line":19,"column":0},"end":{"line":19,"column":64}},"19":{"start":{"line":20,"column":0},"end":{"line":20,"column":36}},"20":{"start":{"line":21,"column":0},"end":{"line":21,"column":34}},"21":{"start":{"line":22,"column":0},"end":{"line":22,"column":37}},"22":{"start":{"line":23,"column":0},"end":{"line":23,"column":46}},"23":{"start":{"line":24,"column":0},"end":{"line":24,"column":32}},"24":{"start":{"line":25,"column":0},"end":{"line":25,"column":64}},"25":{"start":{"line":26,"column":0},"end":{"line":26,"column":76}},"26":{"start":{"line":27,"column":0},"end":{"line":27,"column":70}},"27":{"start":{"line":28,"column":0},"end":{"line":28,"column":9}},"28":{"start":{"line":29,"column":0},"end":{"line":29,"column":31}},"29":{"start":{"line":30,"column":0},"end":{"line":30,"column":7}},"30":{"start":{"line":31,"column":0},"end":{"line":31,"column":26}},"31":{"start":{"line":32,"column":0},"end":{"line":32,"column":6}},"32":{"start":{"line":33,"column":0},"end":{"line":33,"column":20}},"33":{"start":{"line":34,"column":0},"end":{"line":34,"column":74}},"34":{"start":{"line":35,"column":0},"end":{"line":35,"column":18}},"35":{"start":{"line":36,"column":0},"end":{"line":36,"column":9}},"36":{"start":{"line":37,"column":0},"end":{"line":37,"column":42}},"37":{"start":{"line":38,"column":0},"end":{"line":38,"column":14}},"38":{"start":{"line":39,"column":0},"end":{"line":39,"column":22}},"39":{"start":{"line":40,"column":0},"end":{"line":40,"column":77}},"40":{"start":{"line":41,"column":0},"end":{"line":41,"column":8}},"41":{"start":{"line":42,"column":0},"end":{"line":42,"column":13}},"42":{"start":{"line":43,"column":0},"end":{"line":43,"column":66}},"43":{"start":{"line":44,"column":0},"end":{"line":44,"column":5}},"44":{"start":{"line":45,"column":0},"end":{"line":45,"column":3}},"45":{"start":{"line":46,"column":0},"end":{"line":46,"column":71}},"46":{"start":{"line":47,"column":0},"end":{"line":47,"column":34}},"47":{"start":{"line":48,"column":0},"end":{"line":48,"column":42}},"48":{"start":{"line":49,"column":0},"end":{"line":49,"column":72}},"49":{"start":{"line":50,"column":0},"end":{"line":50,"column":63}},"50":{"start":{"line":51,"column":0},"end":{"line":51,"column":54}},"51":{"start":{"line":52,"column":0},"end":{"line":52,"column":15}},"52":{"start":{"line":53,"column":0},"end":{"line":53,"column":38}},"53":{"start":{"line":54,"column":0},"end":{"line":54,"column":40}},"54":{"start":{"line":55,"column":0},"end":{"line":55,"column":7}},"55":{"start":{"line":56,"column":0},"end":{"line":56,"column":39}},"56":{"start":{"line":57,"column":0},"end":{"line":57,"column":52}},"57":{"start":{"line":58,"column":0},"end":{"line":58,"column":46}},"58":{"start":{"line":59,"column":0},"end":{"line":59,"column":51}},"59":{"start":{"line":60,"column":0},"end":{"line":60,"column":50}},"60":{"start":{"line":61,"column":0},"end":{"line":61,"column":57}},"61":{"start":{"line":62,"column":0},"end":{"line":62,"column":73}},"62":{"start":{"line":63,"column":0},"end":{"line":63,"column":47}},"63":{"start":{"line":64,"column":0},"end":{"line":64,"column":64}},"64":{"start":{"line":65,"column":0},"end":{"line":65,"column":17}},"65":{"start":{"line":66,"column":0},"end":{"line":66,"column":13}},"66":{"start":{"line":67,"column":0},"end":{"line":67,"column":45}},"67":{"start":{"line":68,"column":0},"end":{"line":68,"column":64}},"68":{"start":{"line":69,"column":0},"end":{"line":69,"column":18}},"69":{"start":{"line":70,"column":0},"end":{"line":70,"column":7}},"70":{"start":{"line":71,"column":0},"end":{"line":71,"column":17}},"71":{"start":{"line":72,"column":0},"end":{"line":72,"column":57}},"72":{"start":{"line":73,"column":0},"end":{"line":73,"column":20}},"73":{"start":{"line":74,"column":0},"end":{"line":74,"column":7}},"74":{"start":{"line":75,"column":0},"end":{"line":75,"column":52}},"75":{"start":{"line":76,"column":0},"end":{"line":76,"column":21}},"76":{"start":{"line":77,"column":0},"end":{"line":77,"column":36}},"77":{"start":{"line":78,"column":0},"end":{"line":78,"column":56}},"78":{"start":{"line":79,"column":0},"end":{"line":79,"column":14}},"79":{"start":{"line":80,"column":0},"end":{"line":80,"column":35}},"80":{"start":{"line":81,"column":0},"end":{"line":81,"column":57}},"81":{"start":{"line":82,"column":0},"end":{"line":82,"column":7}},"82":{"start":{"line":83,"column":0},"end":{"line":83,"column":78}},"83":{"start":{"line":84,"column":0},"end":{"line":84,"column":51}},"84":{"start":{"line":85,"column":0},"end":{"line":85,"column":66}},"85":{"start":{"line":86,"column":0},"end":{"line":86,"column":21}},"86":{"start":{"line":87,"column":0},"end":{"line":87,"column":75}},"87":{"start":{"line":88,"column":0},"end":{"line":88,"column":5}},"88":{"start":{"line":89,"column":0},"end":{"line":89,"column":30}},"89":{"start":{"line":90,"column":0},"end":{"line":90,"column":5}},"90":{"start":{"line":91,"column":0},"end":{"line":91,"column":5}}},"s":{"0":1,"1":1,"2":1,"3":1,"4":1,"5":1,"6":1,"7":1,"8":1,"9":1,"10":1,"11":1,"12":1,"13":1,"14":1,"15":1,"16":1,"17":0,"18":0,"19":0,"20":7,"21":7,"22":3,"23":3,"24":1,"25":1,"26":1,"27":1,"28":3,"29":3,"30":3,"31":0,"32":0,"33":0,"34":0,"35":0,"36":0,"37":0,"38":0,"39":0,"40":0,"41":0,"42":0,"43":0,"44":1,"45":1,"46":2,"47":2,"48":0,"49":0,"50":0,"51":2,"52":2,"53":1,"54":2,"55":1,"56":1,"57":1,"58":1,"59":1,"60":0,"61":0,"62":0,"63":0,"64":0,"65":0,"66":0,"67":0,"68":0,"69":0,"70":0,"71":0,"72":0,"73":0,"74":0,"75":0,"76":0,"77":0,"78":0,"79":0,"80":0,"81":0,"82":0,"83":0,"84":0,"85":0,"86":0,"87":0,"88":2,"89":1,"90":1},"branchMap":{"0":{"type":"branch","line":2,"loc":{"start":{"line":2,"column":1},"end":{"line":91,"column":3}},"locations":[{"start":{"line":2,"column":1},"end":{"line":91,"column":3}}]},"1":{"type":"branch","line":4,"loc":{"start":{"line":4,"column":10},"end":{"line":4,"column":19}},"locations":[{"start":{"line":4,"column":10},"end":{"line":4,"column":19}}]},"2":{"type":"branch","line":6,"loc":{"start":{"line":6,"column":2},"end":{"line":14,"column":3}},"locations":[{"start":{"line":6,"column":2},"end":{"line":14,"column":3}}]},"3":{"type":"branch","line":8,"loc":{"start":{"line":8,"column":23},"end":{"line":8,"column":71}},"locations":[{"start":{"line":8,"column":23},"end":{"line":8,"column":71}}]},"4":{"type":"branch","line":10,"loc":{"start":{"line":10,"column":12},"end":{"line":10,"column":71}},"locations":[{"start":{"line":10,"column":12},"end":{"line":10,"column":71}}]},"5":{"type":"branch","line":11,"loc":{"start":{"line":11,"column":15},"end":{"line":11,"column":30}},"locations":[{"start":{"line":11,"column":15},"end":{"line":11,"column":30}}]},"6":{"type":"branch","line":12,"loc":{"start":{"line":12,"column":30},"end":{"line":12,"column":45}},"locations":[{"start":{"line":12,"column":30},"end":{"line":12,"column":45}}]},"7":{"type":"branch","line":15,"loc":{"start":{"line":15,"column":2},"end":{"line":45,"column":3}},"locations":[{"start":{"line":15,"column":2},"end":{"line":45,"column":3}}]},"8":{"type":"branch","line":17,"loc":{"start":{"line":17,"column":68},"end":{"line":44,"column":5}},"locations":[{"start":{"line":17,"column":68},"end":{"line":44,"column":5}}]},"9":{"type":"branch","line":18,"loc":{"start":{"line":18,"column":23},"end":{"line":19,"column":63}},"locations":[{"start":{"line":18,"column":23},"end":{"line":19,"column":63}}]},"10":{"type":"branch","line":19,"loc":{"start":{"line":19,"column":23},"end":{"line":19,"column":59}},"locations":[{"start":{"line":19,"column":23},"end":{"line":19,"column":59}}]},"11":{"type":"branch","line":19,"loc":{"start":{"line":19,"column":59},"end":{"line":19,"column":63}},"locations":[{"start":{"line":19,"column":59},"end":{"line":19,"column":63}}]},"12":{"type":"branch","line":20,"loc":{"start":{"line":20,"column":26},"end":{"line":32,"column":5}},"locations":[{"start":{"line":20,"column":26},"end":{"line":32,"column":5}}]},"13":{"type":"branch","line":21,"loc":{"start":{"line":21,"column":24},"end":{"line":21,"column":34}},"locations":[{"start":{"line":21,"column":24},"end":{"line":21,"column":34}}]},"14":{"type":"branch","line":21,"loc":{"start":{"line":21,"column":33},"end":{"line":22,"column":36}},"locations":[{"start":{"line":21,"column":33},"end":{"line":22,"column":36}}]},"15":{"type":"branch","line":22,"loc":{"start":{"line":22,"column":36},"end":{"line":32,"column":5}},"locations":[{"start":{"line":22,"column":36},"end":{"line":32,"column":5}}]},"16":{"type":"branch","line":23,"loc":{"start":{"line":23,"column":29},"end":{"line":23,"column":38}},"locations":[{"start":{"line":23,"column":29},"end":{"line":23,"column":38}}]},"17":{"type":"branch","line":23,"loc":{"start":{"line":23,"column":38},"end":{"line":23,"column":45}},"locations":[{"start":{"line":23,"column":38},"end":{"line":23,"column":45}}]},"18":{"type":"branch","line":24,"loc":{"start":{"line":24,"column":31},"end":{"line":28,"column":9}},"locations":[{"start":{"line":24,"column":31},"end":{"line":28,"column":9}}]},"19":{"type":"branch","line":28,"loc":{"start":{"line":28,"column":8},"end":{"line":29,"column":27}},"locations":[{"start":{"line":28,"column":8},"end":{"line":29,"column":27}}]},"20":{"type":"branch","line":29,"loc":{"start":{"line":29,"column":23},"end":{"line":29,"column":29}},"locations":[{"start":{"line":29,"column":23},"end":{"line":29,"column":29}}]},"21":{"type":"branch","line":34,"loc":{"start":{"line":34,"column":12},"end":{"line":34,"column":73}},"locations":[{"start":{"line":34,"column":12},"end":{"line":34,"column":73}}]},"22":{"type":"branch","line":34,"loc":{"start":{"line":34,"column":29},"end":{"line":34,"column":61}},"locations":[{"start":{"line":34,"column":29},"end":{"line":34,"column":61}}]},"23":{"type":"branch","line":40,"loc":{"start":{"line":40,"column":26},"end":{"line":40,"column":72}},"locations":[{"start":{"line":40,"column":26},"end":{"line":40,"column":72}}]},"24":{"type":"branch","line":40,"loc":{"start":{"line":40,"column":50},"end":{"line":40,"column":64}},"locations":[{"start":{"line":40,"column":50},"end":{"line":40,"column":64}}]},"25":{"type":"branch","line":46,"loc":{"start":{"line":46,"column":39},"end":{"line":90,"column":3}},"locations":[{"start":{"line":46,"column":39},"end":{"line":90,"column":3}}]},"26":{"type":"branch","line":47,"loc":{"start":{"line":47,"column":27},"end":{"line":47,"column":34}},"locations":[{"start":{"line":47,"column":27},"end":{"line":47,"column":34}}]},"27":{"type":"branch","line":48,"loc":{"start":{"line":48,"column":41},"end":{"line":52,"column":5}},"locations":[{"start":{"line":48,"column":41},"end":{"line":52,"column":5}}]},"28":{"type":"branch","line":53,"loc":{"start":{"line":53,"column":35},"end":{"line":54,"column":40}},"locations":[{"start":{"line":53,"column":35},"end":{"line":54,"column":40}}]},"29":{"type":"branch","line":55,"loc":{"start":{"line":55,"column":6},"end":{"line":88,"column":5}},"locations":[{"start":{"line":55,"column":6},"end":{"line":88,"column":5}}]},"30":{"type":"branch","line":60,"loc":{"start":{"line":60,"column":5},"end":{"line":88,"column":5}},"locations":[{"start":{"line":60,"column":5},"end":{"line":88,"column":5}}]}},"b":{"0":[1],"1":[1],"2":[1],"3":[0],"4":[2],"5":[2],"6":[2],"7":[1],"8":[0],"9":[7],"10":[3],"11":[4],"12":[7],"13":[1],"14":[6],"15":[3],"16":[2],"17":[1],"18":[1],"19":[2],"20":[0],"21":[1],"22":[7],"23":[1],"24":[7],"25":[2],"26":[0],"27":[0],"28":[1],"29":[1],"30":[0]},"fnMap":{"0":{"name":"emit","decl":{"start":{"line":4,"column":10},"end":{"line":4,"column":19}},"loc":{"start":{"line":4,"column":10},"end":{"line":4,"column":19}},"line":4},"1":{"name":"sumSelection","decl":{"start":{"line":6,"column":2},"end":{"line":14,"column":3}},"loc":{"start":{"line":6,"column":2},"end":{"line":14,"column":3}},"line":6},"2":{"name":"copySelection","decl":{"start":{"line":15,"column":2},"end":{"line":45,"column":3}},"loc":{"start":{"line":15,"column":2},"end":{"line":45,"column":3}},"line":15},"3":{"name":"tsvEscape","decl":{"start":{"line":18,"column":23},"end":{"line":19,"column":63}},"loc":{"start":{"line":18,"column":23},"end":{"line":19,"column":63}},"line":18},"4":{"name":"cellToString","decl":{"start":{"line":20,"column":26},"end":{"line":32,"column":5}},"loc":{"start":{"line":20,"column":26},"end":{"line":32,"column":5}},"line":20}},"f":{"0":1,"1":1,"2":1,"3":7,"4":7}}
,"C:\\Users\\Musa\\Desktop\\Önerici\\dohman\\dohmantemiz\\src\\core\\number-utils.js": {"path":"C:\\Users\\Musa\\Desktop\\Önerici\\dohman\\dohmantemiz\\src\\core\\number-utils.js","all":false,"statementMap":{"0":{"start":{"line":1,"column":0},"end":{"line":1,"column":50}},"1":{"start":{"line":2,"column":0},"end":{"line":2,"column":0}},"2":{"start":{"line":3,"column":0},"end":{"line":3,"column":14}},"3":{"start":{"line":4,"column":0},"end":{"line":4,"column":38}},"4":{"start":{"line":5,"column":0},"end":{"line":5,"column":32}},"5":{"start":{"line":6,"column":0},"end":{"line":6,"column":58}},"6":{"start":{"line":7,"column":0},"end":{"line":7,"column":29}},"7":{"start":{"line":8,"column":0},"end":{"line":8,"column":29}},"8":{"start":{"line":9,"column":0},"end":{"line":9,"column":5}},"9":{"start":{"line":10,"column":0},"end":{"line":10,"column":36}},"10":{"start":{"line":11,"column":0},"end":{"line":11,"column":55}},"11":{"start":{"line":12,"column":0},"end":{"line":12,"column":72}},"12":{"start":{"line":13,"column":0},"end":{"line":13,"column":33}},"13":{"start":{"line":14,"column":0},"end":{"line":14,"column":51}},"14":{"start":{"line":15,"column":0},"end":{"line":15,"column":40}},"15":{"start":{"line":16,"column":0},"end":{"line":16,"column":18}},"16":{"start":{"line":17,"column":0},"end":{"line":17,"column":5}},"17":{"start":{"line":18,"column":0},"end":{"line":18,"column":57}},"18":{"start":{"line":19,"column":0},"end":{"line":19,"column":26}},"19":{"start":{"line":20,"column":0},"end":{"line":20,"column":46}},"20":{"start":{"line":21,"column":0},"end":{"line":21,"column":20}},"21":{"start":{"line":22,"column":0},"end":{"line":22,"column":19}},"22":{"start":{"line":23,"column":0},"end":{"line":23,"column":23}},"23":{"start":{"line":24,"column":0},"end":{"line":24,"column":18}},"24":{"start":{"line":25,"column":0},"end":{"line":25,"column":22}},"25":{"start":{"line":26,"column":0},"end":{"line":26,"column":9}},"26":{"start":{"line":27,"column":0},"end":{"line":27,"column":8}},"27":{"start":{"line":28,"column":0},"end":{"line":28,"column":27}},"28":{"start":{"line":29,"column":0},"end":{"line":29,"column":58}},"29":{"start":{"line":30,"column":0},"end":{"line":30,"column":57}},"30":{"start":{"line":31,"column":0},"end":{"line":31,"column":33}},"31":{"start":{"line":32,"column":0},"end":{"line":32,"column":65}},"32":{"start":{"line":33,"column":0},"end":{"line":33,"column":49}},"33":{"start":{"line":34,"column":0},"end":{"line":34,"column":47}},"34":{"start":{"line":35,"column":0},"end":{"line":35,"column":32}},"35":{"start":{"line":36,"column":0},"end":{"line":36,"column":58}},"36":{"start":{"line":37,"column":0},"end":{"line":37,"column":63}},"37":{"start":{"line":38,"column":0},"end":{"line":38,"column":14}},"38":{"start":{"line":39,"column":0},"end":{"line":39,"column":58}},"39":{"start":{"line":40,"column":0},"end":{"line":40,"column":44}},"40":{"start":{"line":41,"column":0},"end":{"line":41,"column":7}},"41":{"start":{"line":42,"column":0},"end":{"line":42,"column":34}},"42":{"start":{"line":43,"column":0},"end":{"line":43,"column":38}},"43":{"start":{"line":44,"column":0},"end":{"line":44,"column":46}},"44":{"start":{"line":45,"column":0},"end":{"line":45,"column":73}},"45":{"start":{"line":46,"column":0},"end":{"line":46,"column":63}},"46":{"start":{"line":47,"column":0},"end":{"line":47,"column":14}},"47":{"start":{"line":48,"column":0},"end":{"line":48,"column":44}},"48":{"start":{"line":49,"column":0},"end":{"line":49,"column":7}},"49":{"start":{"line":50,"column":0},"end":{"line":50,"column":32}},"50":{"start":{"line":51,"column":0},"end":{"line":51,"column":38}},"51":{"start":{"line":52,"column":0},"end":{"line":52,"column":46}},"52":{"start":{"line":53,"column":0},"end":{"line":53,"column":34}},"53":{"start":{"line":54,"column":0},"end":{"line":54,"column":26}},"54":{"start":{"line":55,"column":0},"end":{"line":55,"column":45}},"55":{"start":{"line":56,"column":0},"end":{"line":56,"column":7}},"56":{"start":{"line":57,"column":0},"end":{"line":57,"column":5}},"57":{"start":{"line":58,"column":0},"end":{"line":58,"column":39}},"58":{"start":{"line":59,"column":0},"end":{"line":59,"column":32}},"59":{"start":{"line":60,"column":0},"end":{"line":60,"column":12}},"60":{"start":{"line":61,"column":0},"end":{"line":61,"column":27}},"61":{"start":{"line":62,"column":0},"end":{"line":62,"column":17}},"62":{"start":{"line":63,"column":0},"end":{"line":63,"column":17}},"63":{"start":{"line":64,"column":0},"end":{"line":64,"column":38}},"64":{"start":{"line":65,"column":0},"end":{"line":65,"column":70}},"65":{"start":{"line":66,"column":0},"end":{"line":66,"column":40}},"66":{"start":{"line":67,"column":0},"end":{"line":67,"column":18}},"67":{"start":{"line":68,"column":0},"end":{"line":68,"column":3}},"68":{"start":{"line":69,"column":0},"end":{"line":69,"column":30}},"69":{"start":{"line":70,"column":0},"end":{"line":70,"column":30}},"70":{"start":{"line":71,"column":0},"end":{"line":71,"column":58}},"71":{"start":{"line":72,"column":0},"end":{"line":72,"column":44}},"72":{"start":{"line":73,"column":0},"end":{"line":73,"column":31}},"73":{"start":{"line":74,"column":0},"end":{"line":74,"column":58}},"74":{"start":{"line":75,"column":0},"end":{"line":75,"column":30}},"75":{"start":{"line":76,"column":0},"end":{"line":76,"column":15}},"76":{"start":{"line":77,"column":0},"end":{"line":77,"column":3}},"77":{"start":{"line":78,"column":0},"end":{"line":78,"column":52}},"78":{"start":{"line":79,"column":0},"end":{"line":79,"column":75}},"79":{"start":{"line":80,"column":0},"end":{"line":80,"column":47}},"80":{"start":{"line":81,"column":0},"end":{"line":81,"column":5}}},"s":{"0":1,"1":1,"2":1,"3":1,"4":1,"5":1,"6":1,"7":1,"8":1,"9":1,"10":4,"11":4,"12":4,"13":4,"14":1,"15":1,"16":1,"17":3,"18":3,"19":3,"20":5,"21":5,"22":1,"23":5,"24":4,"25":5,"26":3,"27":3,"28":4,"29":4,"30":4,"31":2,"32":2,"33":2,"34":2,"35":2,"36":2,"37":2,"38":0,"39":0,"40":0,"41":4,"42":0,"43":0,"44":0,"45":0,"46":0,"47":0,"48":0,"49":1,"50":1,"51":1,"52":1,"53":1,"54":1,"55":1,"56":1,"57":3,"58":3,"59":0,"60":3,"61":1,"62":4,"63":4,"64":4,"65":3,"66":3,"67":3,"68":1,"69":3,"70":3,"71":1,"72":1,"73":3,"74":1,"75":1,"76":1,"77":1,"78":1,"79":1,"80":1},"branchMap":{"0":{"type":"branch","line":3,"loc":{"start":{"line":3,"column":1},"end":{"line":81,"column":3}},"locations":[{"start":{"line":3,"column":1},"end":{"line":81,"column":3}}]},"1":{"type":"branch","line":10,"loc":{"start":{"line":10,"column":2},"end":{"line":68,"column":3}},"locations":[{"start":{"line":10,"column":2},"end":{"line":68,"column":3}}]},"2":{"type":"branch","line":11,"loc":{"start":{"line":11,"column":43},"end":{"line":11,"column":55}},"locations":[{"start":{"line":11,"column":43},"end":{"line":11,"column":55}}]},"3":{"type":"branch","line":12,"loc":{"start":{"line":12,"column":37},"end":{"line":12,"column":72}},"locations":[{"start":{"line":12,"column":37},"end":{"line":12,"column":72}}]},"4":{"type":"branch","line":14,"loc":{"start":{"line":14,"column":50},"end":{"line":17,"column":5}},"locations":[{"start":{"line":14,"column":50},"end":{"line":17,"column":5}}]},"5":{"type":"branch","line":17,"loc":{"start":{"line":17,"column":4},"end":{"line":29,"column":47}},"locations":[{"start":{"line":17,"column":4},"end":{"line":29,"column":47}}]},"6":{"type":"branch","line":29,"loc":{"start":{"line":29,"column":43},"end":{"line":29,"column":49}},"locations":[{"start":{"line":29,"column":43},"end":{"line":29,"column":49}}]},"7":{"type":"branch","line":30,"loc":{"start":{"line":30,"column":42},"end":{"line":30,"column":48}},"locations":[{"start":{"line":30,"column":42},"end":{"line":30,"column":48}}]},"8":{"type":"branch","line":31,"loc":{"start":{"line":31,"column":18},"end":{"line":31,"column":30}},"locations":[{"start":{"line":31,"column":18},"end":{"line":31,"column":30}}]},"9":{"type":"branch","line":31,"loc":{"start":{"line":31,"column":32},"end":{"line":42,"column":5}},"locations":[{"start":{"line":31,"column":32},"end":{"line":42,"column":5}}]},"10":{"type":"branch","line":38,"loc":{"start":{"line":38,"column":7},"end":{"line":41,"column":7}},"locations":[{"start":{"line":38,"column":7},"end":{"line":41,"column":7}}]},"11":{"type":"branch","line":42,"loc":{"start":{"line":42,"column":5},"end":{"line":57,"column":5}},"locations":[{"start":{"line":42,"column":5},"end":{"line":57,"column":5}}]},"12":{"type":"branch","line":42,"loc":{"start":{"line":42,"column":33},"end":{"line":50,"column":5}},"locations":[{"start":{"line":42,"column":33},"end":{"line":50,"column":5}}]},"13":{"type":"branch","line":57,"loc":{"start":{"line":57,"column":4},"end":{"line":59,"column":32}},"locations":[{"start":{"line":57,"column":4},"end":{"line":59,"column":32}}]},"14":{"type":"branch","line":60,"loc":{"start":{"line":60,"column":-1},"end":{"line":60,"column":12}},"locations":[{"start":{"line":60,"column":-1},"end":{"line":60,"column":12}}]},"15":{"type":"branch","line":61,"loc":{"start":{"line":61,"column":-1},"end":{"line":63,"column":16}},"locations":[{"start":{"line":61,"column":-1},"end":{"line":63,"column":16}}]},"16":{"type":"branch","line":61,"loc":{"start":{"line":61,"column":13},"end":{"line":61,"column":27}},"locations":[{"start":{"line":61,"column":13},"end":{"line":61,"column":27}}]},"17":{"type":"branch","line":62,"loc":{"start":{"line":62,"column":-1},"end":{"line":62,"column":17}},"locations":[{"start":{"line":62,"column":-1},"end":{"line":62,"column":17}}]},"18":{"type":"branch","line":63,"loc":{"start":{"line":63,"column":-1},"end":{"line":63,"column":16}},"locations":[{"start":{"line":63,"column":-1},"end":{"line":63,"column":16}}]},"19":{"type":"branch","line":65,"loc":{"start":{"line":65,"column":6},"end":{"line":65,"column":70}},"locations":[{"start":{"line":65,"column":6},"end":{"line":65,"column":70}}]},"20":{"type":"branch","line":65,"loc":{"start":{"line":65,"column":69},"end":{"line":68,"column":3}},"locations":[{"start":{"line":65,"column":69},"end":{"line":68,"column":3}}]},"21":{"type":"branch","line":20,"loc":{"start":{"line":20,"column":39},"end":{"line":27,"column":7}},"locations":[{"start":{"line":20,"column":39},"end":{"line":27,"column":7}}]},"22":{"type":"branch","line":22,"loc":{"start":{"line":22,"column":10},"end":{"line":23,"column":23}},"locations":[{"start":{"line":22,"column":10},"end":{"line":23,"column":23}}]},"23":{"type":"branch","line":24,"loc":{"start":{"line":24,"column":10},"end":{"line":25,"column":22}},"locations":[{"start":{"line":24,"column":10},"end":{"line":25,"column":22}}]},"24":{"type":"branch","line":69,"loc":{"start":{"line":69,"column":2},"end":{"line":77,"column":3}},"locations":[{"start":{"line":69,"column":2},"end":{"line":77,"column":3}}]},"25":{"type":"branch","line":70,"loc":{"start":{"line":70,"column":19},"end":{"line":70,"column":30}},"locations":[{"start":{"line":70,"column":19},"end":{"line":70,"column":30}}]},"26":{"type":"branch","line":70,"loc":{"start":{"line":70,"column":29},"end":{"line":71,"column":30}},"locations":[{"start":{"line":70,"column":29},"end":{"line":71,"column":30}}]},"27":{"type":"branch","line":71,"loc":{"start":{"line":71,"column":30},"end":{"line":73,"column":31}},"locations":[{"start":{"line":71,"column":30},"end":{"line":73,"column":31}}]},"28":{"type":"branch","line":74,"loc":{"start":{"line":74,"column":6},"end":{"line":74,"column":58}},"locations":[{"start":{"line":74,"column":6},"end":{"line":74,"column":58}}]},"29":{"type":"branch","line":74,"loc":{"start":{"line":74,"column":57},"end":{"line":77,"column":3}},"locations":[{"start":{"line":74,"column":57},"end":{"line":77,"column":3}}]}},"b":{"0":[1],"1":[4],"2":[0],"3":[0],"4":[1],"5":[3],"6":[1],"7":[0],"8":[2],"9":[2],"10":[0],"11":[1],"12":[0],"13":[3],"14":[0],"15":[3],"16":[2],"17":[1],"18":[2],"19":[0],"20":[3],"21":[5],"22":[1],"23":[4],"24":[3],"25":[1],"26":[2],"27":[1],"28":[0],"29":[1]},"fnMap":{"0":{"name":"parseNumericValue","decl":{"start":{"line":10,"column":2},"end":{"line":68,"column":3}},"loc":{"start":{"line":10,"column":2},"end":{"line":68,"column":3}},"line":10},"1":{"name":"formatNumber","decl":{"start":{"line":69,"column":2},"end":{"line":77,"column":3}},"loc":{"start":{"line":69,"column":2},"end":{"line":77,"column":3}},"line":69}},"f":{"0":4,"1":3}}
,"C:\\Users\\Musa\\Desktop\\Önerici\\dohman\\dohmantemiz\\src\\core\\settings.js": {"path":"C:\\Users\\Musa\\Desktop\\Önerici\\dohman\\dohmantemiz\\src\\core\\settings.js","all":false,"statementMap":{"0":{"start":{"line":1,"column":0},"end":{"line":1,"column":48}},"1":{"start":{"line":2,"column":0},"end":{"line":2,"column":0}},"2":{"start":{"line":3,"column":0},"end":{"line":3,"column":14}},"3":{"start":{"line":4,"column":0},"end":{"line":4,"column":20}},"4":{"start":{"line":5,"column":0},"end":{"line":5,"column":38}},"5":{"start":{"line":6,"column":0},"end":{"line":6,"column":24}},"6":{"start":{"line":7,"column":0},"end":{"line":7,"column":20}},"7":{"start":{"line":8,"column":0},"end":{"line":8,"column":27}},"8":{"start":{"line":9,"column":0},"end":{"line":9,"column":25}},"9":{"start":{"line":10,"column":0},"end":{"line":10,"column":29}},"10":{"start":{"line":11,"column":0},"end":{"line":11,"column":4}},"11":{"start":{"line":12,"column":0},"end":{"line":12,"column":32}},"12":{"start":{"line":13,"column":0},"end":{"line":13,"column":21}},"13":{"start":{"line":14,"column":0},"end":{"line":14,"column":33}},"14":{"start":{"line":15,"column":0},"end":{"line":15,"column":31}},"15":{"start":{"line":16,"column":0},"end":{"line":16,"column":9}},"16":{"start":{"line":17,"column":0},"end":{"line":17,"column":45}},"17":{"start":{"line":18,"column":0},"end":{"line":18,"column":64}},"18":{"start":{"line":19,"column":0},"end":{"line":19,"column":40}},"19":{"start":{"line":20,"column":0},"end":{"line":20,"column":9}},"20":{"start":{"line":21,"column":0},"end":{"line":21,"column":8}},"21":{"start":{"line":22,"column":0},"end":{"line":22,"column":43}},"22":{"start":{"line":23,"column":0},"end":{"line":23,"column":20}},"23":{"start":{"line":24,"column":0},"end":{"line":24,"column":17}},"24":{"start":{"line":25,"column":0},"end":{"line":25,"column":48}},"25":{"start":{"line":26,"column":0},"end":{"line":26,"column":5}},"26":{"start":{"line":27,"column":0},"end":{"line":27,"column":19}},"27":{"start":{"line":28,"column":0},"end":{"line":28,"column":3}},"28":{"start":{"line":29,"column":0},"end":{"line":29,"column":26}},"29":{"start":{"line":30,"column":0},"end":{"line":30,"column":19}},"30":{"start":{"line":31,"column":0},"end":{"line":31,"column":3}},"31":{"start":{"line":32,"column":0},"end":{"line":32,"column":34}},"32":{"start":{"line":33,"column":0},"end":{"line":33,"column":39}},"33":{"start":{"line":34,"column":0},"end":{"line":34,"column":33}},"34":{"start":{"line":35,"column":0},"end":{"line":35,"column":65}},"35":{"start":{"line":36,"column":0},"end":{"line":36,"column":19}},"36":{"start":{"line":37,"column":0},"end":{"line":37,"column":3}},"37":{"start":{"line":38,"column":0},"end":{"line":38,"column":40}},"38":{"start":{"line":39,"column":0},"end":{"line":39,"column":39}},"39":{"start":{"line":40,"column":0},"end":{"line":40,"column":33}},"40":{"start":{"line":41,"column":0},"end":{"line":41,"column":65}},"41":{"start":{"line":42,"column":0},"end":{"line":42,"column":3}},"42":{"start":{"line":43,"column":0},"end":{"line":43,"column":39}},"43":{"start":{"line":44,"column":0},"end":{"line":44,"column":75}},"44":{"start":{"line":45,"column":0},"end":{"line":45,"column":31}},"45":{"start":{"line":46,"column":0},"end":{"line":46,"column":33}},"46":{"start":{"line":47,"column":0},"end":{"line":47,"column":65}},"47":{"start":{"line":48,"column":0},"end":{"line":48,"column":14}},"48":{"start":{"line":49,"column":0},"end":{"line":49,"column":3}},"49":{"start":{"line":50,"column":0},"end":{"line":50,"column":40}},"50":{"start":{"line":51,"column":0},"end":{"line":51,"column":76}},"51":{"start":{"line":52,"column":0},"end":{"line":52,"column":32}},"52":{"start":{"line":53,"column":0},"end":{"line":53,"column":33}},"53":{"start":{"line":54,"column":0},"end":{"line":54,"column":65}},"54":{"start":{"line":55,"column":0},"end":{"line":55,"column":14}},"55":{"start":{"line":56,"column":0},"end":{"line":56,"column":3}},"56":{"start":{"line":57,"column":0},"end":{"line":57,"column":36}},"57":{"start":{"line":58,"column":0},"end":{"line":58,"column":72}},"58":{"start":{"line":59,"column":0},"end":{"line":59,"column":28}},"59":{"start":{"line":60,"column":0},"end":{"line":60,"column":33}},"60":{"start":{"line":61,"column":0},"end":{"line":61,"column":65}},"61":{"start":{"line":62,"column":0},"end":{"line":62,"column":14}},"62":{"start":{"line":63,"column":0},"end":{"line":63,"column":3}},"63":{"start":{"line":64,"column":0},"end":{"line":64,"column":52}},"64":{"start":{"line":65,"column":0},"end":{"line":65,"column":39}},"65":{"start":{"line":66,"column":0},"end":{"line":66,"column":17}},"66":{"start":{"line":67,"column":0},"end":{"line":67,"column":16}},"67":{"start":{"line":68,"column":0},"end":{"line":68,"column":19}},"68":{"start":{"line":69,"column":0},"end":{"line":69,"column":26}},"69":{"start":{"line":70,"column":0},"end":{"line":70,"column":24}},"70":{"start":{"line":71,"column":0},"end":{"line":71,"column":25}},"71":{"start":{"line":72,"column":0},"end":{"line":72,"column":21}},"72":{"start":{"line":73,"column":0},"end":{"line":73,"column":5}},"73":{"start":{"line":74,"column":0},"end":{"line":74,"column":5}}},"s":{"0":1,"1":1,"2":1,"3":1,"4":1,"5":1,"6":1,"7":1,"8":1,"9":1,"10":1,"11":1,"12":1,"13":1,"14":1,"15":1,"16":1,"17":1,"18":1,"19":1,"20":1,"21":1,"22":1,"23":1,"24":0,"25":0,"26":1,"27":1,"28":1,"29":0,"30":0,"31":1,"32":3,"33":3,"34":3,"35":3,"36":3,"37":1,"38":1,"39":1,"40":1,"41":1,"42":1,"43":2,"44":2,"45":2,"46":2,"47":2,"48":2,"49":1,"50":2,"51":2,"52":2,"53":2,"54":2,"55":2,"56":1,"57":0,"58":0,"59":0,"60":0,"61":0,"62":0,"63":1,"64":1,"65":1,"66":1,"67":1,"68":1,"69":1,"70":1,"71":1,"72":1,"73":1},"branchMap":{"0":{"type":"branch","line":3,"loc":{"start":{"line":3,"column":1},"end":{"line":74,"column":3}},"locations":[{"start":{"line":3,"column":1},"end":{"line":74,"column":3}}]},"1":{"type":"branch","line":14,"loc":{"start":{"line":14,"column":2},"end":{"line":28,"column":3}},"locations":[{"start":{"line":14,"column":2},"end":{"line":28,"column":3}}]},"2":{"type":"branch","line":15,"loc":{"start":{"line":15,"column":16},"end":{"line":15,"column":31}},"locations":[{"start":{"line":15,"column":16},"end":{"line":15,"column":31}}]},"3":{"type":"branch","line":24,"loc":{"start":{"line":24,"column":6},"end":{"line":26,"column":5}},"locations":[{"start":{"line":24,"column":6},"end":{"line":26,"column":5}}]},"4":{"type":"branch","line":17,"loc":{"start":{"line":17,"column":40},"end":{"line":20,"column":9}},"locations":[{"start":{"line":17,"column":40},"end":{"line":20,"column":9}}]},"5":{"type":"branch","line":18,"loc":{"start":{"line":18,"column":59},"end":{"line":19,"column":40}},"locations":[{"start":{"line":18,"column":59},"end":{"line":19,"column":40}}]},"6":{"type":"branch","line":19,"loc":{"start":{"line":19,"column":33},"end":{"line":19,"column":39}},"locations":[{"start":{"line":19,"column":33},"end":{"line":19,"column":39}}]},"7":{"type":"branch","line":32,"loc":{"start":{"line":32,"column":2},"end":{"line":37,"column":3}},"locations":[{"start":{"line":32,"column":2},"end":{"line":37,"column":3}}]},"8":{"type":"branch","line":35,"loc":{"start":{"line":35,"column":6},"end":{"line":35,"column":65}},"locations":[{"start":{"line":35,"column":6},"end":{"line":35,"column":65}}]},"9":{"type":"branch","line":38,"loc":{"start":{"line":38,"column":2},"end":{"line":42,"column":3}},"locations":[{"start":{"line":38,"column":2},"end":{"line":42,"column":3}}]},"10":{"type":"branch","line":43,"loc":{"start":{"line":43,"column":2},"end":{"line":49,"column":3}},"locations":[{"start":{"line":43,"column":2},"end":{"line":49,"column":3}}]},"11":{"type":"branch","line":44,"loc":{"start":{"line":44,"column":41},"end":{"line":44,"column":49}},"locations":[{"start":{"line":44,"column":41},"end":{"line":44,"column":49}}]},"12":{"type":"branch","line":44,"loc":{"start":{"line":44,"column":49},"end":{"line":44,"column":74}},"locations":[{"start":{"line":44,"column":49},"end":{"line":44,"column":74}}]},"13":{"type":"branch","line":50,"loc":{"start":{"line":50,"column":2},"end":{"line":56,"column":3}},"locations":[{"start":{"line":50,"column":2},"end":{"line":56,"column":3}}]},"14":{"type":"branch","line":51,"loc":{"start":{"line":51,"column":41},"end":{"line":51,"column":49}},"locations":[{"start":{"line":51,"column":41},"end":{"line":51,"column":49}}]},"15":{"type":"branch","line":51,"loc":{"start":{"line":51,"column":49},"end":{"line":51,"column":75}},"locations":[{"start":{"line":51,"column":49},"end":{"line":51,"column":75}}]}},"b":{"0":[1],"1":[1],"2":[0],"3":[0],"4":[1],"5":[1],"6":[0],"7":[3],"8":[2],"9":[1],"10":[2],"11":[1],"12":[1],"13":[2],"14":[1],"15":[1]},"fnMap":{"0":{"name":"loadSettings","decl":{"start":{"line":14,"column":2},"end":{"line":28,"column":3}},"loc":{"start":{"line":14,"column":2},"end":{"line":28,"column":3}},"line":14},"1":{"name":"result","decl":{"start":{"line":17,"column":40},"end":{"line":20,"column":9}},"loc":{"start":{"line":17,"column":40},"end":{"line":20,"column":9}},"line":17},"2":{"name":"getSettings","decl":{"start":{"line":29,"column":2},"end":{"line":31,"column":3}},"loc":{"start":{"line":29,"column":2},"end":{"line":31,"column":3}},"line":29},"3":{"name":"updateSettings","decl":{"start":{"line":32,"column":2},"end":{"line":37,"column":3}},"loc":{"start":{"line":32,"column":2},"end":{"line":37,"column":3}},"line":32},"4":{"name":"updateToolbarPosition","decl":{"start":{"line":38,"column":2},"end":{"line":42,"column":3}},"loc":{"start":{"line":38,"column":2},"end":{"line":42,"column":3}},"line":38},"5":{"name":"toggleSelectionMode","decl":{"start":{"line":43,"column":2},"end":{"line":49,"column":3}},"loc":{"start":{"line":43,"column":2},"end":{"line":49,"column":3}},"line":43},"6":{"name":"toggleToolbarVisible","decl":{"start":{"line":50,"column":2},"end":{"line":56,"column":3}},"loc":{"start":{"line":50,"column":2},"end":{"line":56,"column":3}},"line":50},"7":{"name":"toggleFilterMode","decl":{"start":{"line":57,"column":2},"end":{"line":63,"column":3}},"loc":{"start":{"line":57,"column":2},"end":{"line":63,"column":3}},"line":57}},"f":{"0":1,"1":1,"2":0,"3":3,"4":1,"5":2,"6":2,"7":0}}
,"C:\\Users\\Musa\\Desktop\\Önerici\\dohman\\dohmantemiz\\src\\dom\\table-monitor.js": {"path":"C:\\Users\\Musa\\Desktop\\Önerici\\dohman\\dohmantemiz\\src\\dom\\table-monitor.js","all":false,"statementMap":{"0":{"start":{"line":1,"column":0},"end":{"line":1,"column":50}},"1":{"start":{"line":2,"column":0},"end":{"line":2,"column":14}},"2":{"start":{"line":3,"column":0},"end":{"line":3,"column":74}},"3":{"start":{"line":4,"column":0},"end":{"line":4,"column":19}},"4":{"start":{"line":5,"column":0},"end":{"line":5,"column":4}},"5":{"start":{"line":6,"column":0},"end":{"line":6,"column":22}},"6":{"start":{"line":7,"column":0},"end":{"line":7,"column":24}},"7":{"start":{"line":8,"column":0},"end":{"line":8,"column":22}},"8":{"start":{"line":9,"column":0},"end":{"line":9,"column":19}},"9":{"start":{"line":10,"column":0},"end":{"line":10,"column":54}},"10":{"start":{"line":11,"column":0},"end":{"line":11,"column":21}},"11":{"start":{"line":12,"column":0},"end":{"line":12,"column":18}},"12":{"start":{"line":13,"column":0},"end":{"line":13,"column":78}},"13":{"start":{"line":14,"column":0},"end":{"line":14,"column":36}},"14":{"start":{"line":15,"column":0},"end":{"line":15,"column":38}},"15":{"start":{"line":16,"column":0},"end":{"line":16,"column":49}},"16":{"start":{"line":17,"column":0},"end":{"line":17,"column":48}},"17":{"start":{"line":18,"column":0},"end":{"line":18,"column":9}},"18":{"start":{"line":19,"column":0},"end":{"line":19,"column":22}},"19":{"start":{"line":20,"column":0},"end":{"line":20,"column":7}},"20":{"start":{"line":21,"column":0},"end":{"line":21,"column":14}},"21":{"start":{"line":22,"column":0},"end":{"line":22,"column":5}},"22":{"start":{"line":23,"column":0},"end":{"line":23,"column":66}},"23":{"start":{"line":24,"column":0},"end":{"line":24,"column":38}},"24":{"start":{"line":25,"column":0},"end":{"line":25,"column":44}},"25":{"start":{"line":26,"column":0},"end":{"line":26,"column":51}},"26":{"start":{"line":27,"column":0},"end":{"line":27,"column":14}},"27":{"start":{"line":28,"column":0},"end":{"line":28,"column":29}},"28":{"start":{"line":29,"column":0},"end":{"line":29,"column":7}},"29":{"start":{"line":30,"column":0},"end":{"line":30,"column":12}},"30":{"start":{"line":31,"column":0},"end":{"line":31,"column":67}},"31":{"start":{"line":32,"column":0},"end":{"line":32,"column":5}},"32":{"start":{"line":33,"column":0},"end":{"line":33,"column":3}},"33":{"start":{"line":34,"column":0},"end":{"line":34,"column":30}},"34":{"start":{"line":35,"column":0},"end":{"line":35,"column":25}},"35":{"start":{"line":36,"column":0},"end":{"line":36,"column":11}},"36":{"start":{"line":37,"column":0},"end":{"line":37,"column":47}},"37":{"start":{"line":38,"column":0},"end":{"line":38,"column":23}},"38":{"start":{"line":39,"column":0},"end":{"line":39,"column":29}},"39":{"start":{"line":40,"column":0},"end":{"line":40,"column":50}},"40":{"start":{"line":41,"column":0},"end":{"line":41,"column":22}},"41":{"start":{"line":42,"column":0},"end":{"line":42,"column":16}},"42":{"start":{"line":43,"column":0},"end":{"line":43,"column":9}},"43":{"start":{"line":44,"column":0},"end":{"line":44,"column":7}},"44":{"start":{"line":45,"column":0},"end":{"line":45,"column":23}},"45":{"start":{"line":46,"column":0},"end":{"line":46,"column":7}},"46":{"start":{"line":47,"column":0},"end":{"line":47,"column":48}},"47":{"start":{"line":48,"column":0},"end":{"line":48,"column":22}},"48":{"start":{"line":49,"column":0},"end":{"line":49,"column":20}},"49":{"start":{"line":50,"column":0},"end":{"line":50,"column":7}},"50":{"start":{"line":51,"column":0},"end":{"line":51,"column":24}},"51":{"start":{"line":52,"column":0},"end":{"line":52,"column":11}},"52":{"start":{"line":53,"column":0},"end":{"line":53,"column":42}},"53":{"start":{"line":54,"column":0},"end":{"line":54,"column":16}},"54":{"start":{"line":55,"column":0},"end":{"line":55,"column":22}},"55":{"start":{"line":56,"column":0},"end":{"line":56,"column":6}},"56":{"start":{"line":57,"column":0},"end":{"line":57,"column":62}},"57":{"start":{"line":58,"column":0},"end":{"line":58,"column":3}},"58":{"start":{"line":59,"column":0},"end":{"line":59,"column":52}},"59":{"start":{"line":60,"column":0},"end":{"line":60,"column":78}},"60":{"start":{"line":61,"column":0},"end":{"line":61,"column":40}},"61":{"start":{"line":62,"column":0},"end":{"line":62,"column":67}},"62":{"start":{"line":63,"column":0},"end":{"line":63,"column":25}},"63":{"start":{"line":64,"column":0},"end":{"line":64,"column":5}}},"s":{"0":1,"1":1,"2":1,"3":0,"4":1,"5":1,"6":1,"7":1,"8":1,"9":4,"10":4,"11":4,"12":4,"13":120,"14":120,"15":120,"16":120,"17":120,"18":120,"19":120,"20":120,"21":120,"22":4,"23":4,"24":2,"25":0,"26":2,"27":2,"28":2,"29":2,"30":2,"31":2,"32":4,"33":1,"34":1,"35":1,"36":1,"37":1,"38":1,"39":1,"40":1,"41":1,"42":1,"43":1,"44":1,"45":1,"46":1,"47":1,"48":1,"49":1,"50":1,"51":1,"52":1,"53":1,"54":1,"55":1,"56":1,"57":1,"58":1,"59":1,"60":1,"61":1,"62":1,"63":1},"branchMap":{"0":{"type":"branch","line":2,"loc":{"start":{"line":2,"column":1},"end":{"line":64,"column":3}},"locations":[{"start":{"line":2,"column":1},"end":{"line":64,"column":3}}]},"1":{"type":"branch","line":3,"loc":{"start":{"line":3,"column":68},"end":{"line":5,"column":3}},"locations":[{"start":{"line":3,"column":68},"end":{"line":5,"column":3}}]},"2":{"type":"branch","line":59,"loc":{"start":{"line":59,"column":45},"end":{"line":59,"column":51}},"locations":[{"start":{"line":59,"column":45},"end":{"line":59,"column":51}}]},"3":{"type":"branch","line":62,"loc":{"start":{"line":62,"column":4},"end":{"line":62,"column":67}},"locations":[{"start":{"line":62,"column":4},"end":{"line":62,"column":67}}]},"4":{"type":"branch","line":9,"loc":{"start":{"line":9,"column":2},"end":{"line":33,"column":3}},"locations":[{"start":{"line":9,"column":2},"end":{"line":33,"column":3}}]},"5":{"type":"branch","line":13,"loc":{"start":{"line":13,"column":38},"end":{"line":13,"column":60}},"locations":[{"start":{"line":13,"column":38},"end":{"line":13,"column":60}}]},"6":{"type":"branch","line":13,"loc":{"start":{"line":13,"column":77},"end":{"line":22,"column":5}},"locations":[{"start":{"line":13,"column":77},"end":{"line":22,"column":5}}]},"7":{"type":"branch","line":23,"loc":{"start":{"line":23,"column":22},"end":{"line":23,"column":66}},"locations":[{"start":{"line":23,"column":22},"end":{"line":23,"column":66}}]},"8":{"type":"branch","line":24,"loc":{"start":{"line":24,"column":37},"end":{"line":32,"column":5}},"locations":[{"start":{"line":24,"column":37},"end":{"line":32,"column":5}}]},"9":{"type":"branch","line":25,"loc":{"start":{"line":25,"column":43},"end":{"line":27,"column":7}},"locations":[{"start":{"line":25,"column":43},"end":{"line":27,"column":7}}]},"10":{"type":"branch","line":34,"loc":{"start":{"line":34,"column":2},"end":{"line":58,"column":3}},"locations":[{"start":{"line":34,"column":2},"end":{"line":58,"column":3}}]},"11":{"type":"branch","line":35,"loc":{"start":{"line":35,"column":18},"end":{"line":35,"column":25}},"locations":[{"start":{"line":35,"column":18},"end":{"line":35,"column":25}}]},"12":{"type":"branch","line":37,"loc":{"start":{"line":37,"column":37},"end":{"line":46,"column":5}},"locations":[{"start":{"line":37,"column":37},"end":{"line":46,"column":5}}]},"13":{"type":"branch","line":51,"loc":{"start":{"line":51,"column":17},"end":{"line":56,"column":5}},"locations":[{"start":{"line":51,"column":17},"end":{"line":56,"column":5}}]},"14":{"type":"branch","line":54,"loc":{"start":{"line":54,"column":8},"end":{"line":54,"column":16}},"locations":[{"start":{"line":54,"column":8},"end":{"line":54,"column":16}}]}},"b":{"0":[1],"1":[0],"2":[0],"3":[0],"4":[4],"5":[122],"6":[120],"7":[3],"8":[2],"9":[0],"10":[1],"11":[0],"12":[1],"13":[1],"14":[0]},"fnMap":{"0":{"name":"emit","decl":{"start":{"line":4,"column":10},"end":{"line":4,"column":19}},"loc":{"start":{"line":4,"column":10},"end":{"line":4,"column":19}},"line":4},"1":{"name":"scan","decl":{"start":{"line":9,"column":2},"end":{"line":33,"column":3}},"loc":{"start":{"line":9,"column":2},"end":{"line":33,"column":3}},"line":9},"2":{"name":"startMonitoring","decl":{"start":{"line":34,"column":2},"end":{"line":58,"column":3}},"loc":{"start":{"line":34,"column":2},"end":{"line":58,"column":3}},"line":34},"3":{"name":"stop","decl":{"start":{"line":51,"column":17},"end":{"line":56,"column":5}},"loc":{"start":{"line":51,"column":17},"end":{"line":56,"column":5}},"line":51}},"f":{"0":0,"1":4,"2":1,"3":1}}
,"C:\\Users\\Musa\\Desktop\\Önerici\\dohman\\dohmantemiz\\src\\export\\excel-exporter.js": {"path":"C:\\Users\\Musa\\Desktop\\Önerici\\dohman\\dohmantemiz\\src\\export\\excel-exporter.js","all":false,"statementMap":{"0":{"start":{"line":1,"column":0},"end":{"line":1,"column":38}},"1":{"start":{"line":2,"column":0},"end":{"line":2,"column":14}},"2":{"start":{"line":3,"column":0},"end":{"line":3,"column":31}},"3":{"start":{"line":4,"column":0},"end":{"line":4,"column":49}},"4":{"start":{"line":5,"column":0},"end":{"line":5,"column":37}},"5":{"start":{"line":6,"column":0},"end":{"line":6,"column":49}},"6":{"start":{"line":7,"column":0},"end":{"line":7,"column":61}},"7":{"start":{"line":8,"column":0},"end":{"line":8,"column":37}},"8":{"start":{"line":9,"column":0},"end":{"line":9,"column":35}},"9":{"start":{"line":10,"column":0},"end":{"line":10,"column":7}},"10":{"start":{"line":11,"column":0},"end":{"line":11,"column":3}},"11":{"start":{"line":12,"column":0},"end":{"line":12,"column":45}},"12":{"start":{"line":13,"column":0},"end":{"line":13,"column":32}},"13":{"start":{"line":14,"column":0},"end":{"line":14,"column":56}},"14":{"start":{"line":15,"column":0},"end":{"line":15,"column":25}},"15":{"start":{"line":16,"column":0},"end":{"line":16,"column":47}},"16":{"start":{"line":17,"column":0},"end":{"line":17,"column":34}},"17":{"start":{"line":18,"column":0},"end":{"line":18,"column":64}},"18":{"start":{"line":19,"column":0},"end":{"line":19,"column":50}},"19":{"start":{"line":20,"column":0},"end":{"line":20,"column":31}},"20":{"start":{"line":21,"column":0},"end":{"line":21,"column":57}},"21":{"start":{"line":22,"column":0},"end":{"line":22,"column":5}},"22":{"start":{"line":23,"column":0},"end":{"line":23,"column":37}},"23":{"start":{"line":24,"column":0},"end":{"line":24,"column":16}},"24":{"start":{"line":25,"column":0},"end":{"line":25,"column":86}},"25":{"start":{"line":26,"column":0},"end":{"line":26,"column":26}},"26":{"start":{"line":27,"column":0},"end":{"line":27,"column":18}},"27":{"start":{"line":28,"column":0},"end":{"line":28,"column":12}},"28":{"start":{"line":29,"column":0},"end":{"line":29,"column":41}},"29":{"start":{"line":30,"column":0},"end":{"line":30,"column":28}},"30":{"start":{"line":31,"column":0},"end":{"line":31,"column":32}},"31":{"start":{"line":32,"column":0},"end":{"line":32,"column":34}},"32":{"start":{"line":33,"column":0},"end":{"line":33,"column":46}},"33":{"start":{"line":34,"column":0},"end":{"line":34,"column":37}},"34":{"start":{"line":35,"column":0},"end":{"line":35,"column":37}},"35":{"start":{"line":36,"column":0},"end":{"line":36,"column":37}},"36":{"start":{"line":37,"column":0},"end":{"line":37,"column":54}},"37":{"start":{"line":38,"column":0},"end":{"line":38,"column":48}},"38":{"start":{"line":39,"column":0},"end":{"line":39,"column":5}},"39":{"start":{"line":40,"column":0},"end":{"line":40,"column":22}},"40":{"start":{"line":41,"column":0},"end":{"line":41,"column":61}},"41":{"start":{"line":42,"column":0},"end":{"line":42,"column":38}},"42":{"start":{"line":43,"column":0},"end":{"line":43,"column":38}},"43":{"start":{"line":44,"column":0},"end":{"line":44,"column":5}},"44":{"start":{"line":45,"column":0},"end":{"line":45,"column":66}},"45":{"start":{"line":46,"column":0},"end":{"line":46,"column":38}},"46":{"start":{"line":47,"column":0},"end":{"line":47,"column":3}},"47":{"start":{"line":48,"column":0},"end":{"line":48,"column":33}},"48":{"start":{"line":49,"column":0},"end":{"line":49,"column":69}},"49":{"start":{"line":50,"column":0},"end":{"line":50,"column":31}},"50":{"start":{"line":51,"column":0},"end":{"line":51,"column":81}},"51":{"start":{"line":52,"column":0},"end":{"line":52,"column":24}},"52":{"start":{"line":53,"column":0},"end":{"line":53,"column":3}},"53":{"start":{"line":54,"column":0},"end":{"line":54,"column":29}},"54":{"start":{"line":55,"column":0},"end":{"line":55,"column":32}},"55":{"start":{"line":56,"column":0},"end":{"line":56,"column":101}},"56":{"start":{"line":57,"column":0},"end":{"line":57,"column":25}},"57":{"start":{"line":58,"column":0},"end":{"line":58,"column":23}},"58":{"start":{"line":59,"column":0},"end":{"line":59,"column":28}},"59":{"start":{"line":60,"column":0},"end":{"line":60,"column":46}},"60":{"start":{"line":61,"column":0},"end":{"line":61,"column":44}},"61":{"start":{"line":62,"column":0},"end":{"line":62,"column":25}},"62":{"start":{"line":63,"column":0},"end":{"line":63,"column":12}},"63":{"start":{"line":64,"column":0},"end":{"line":64,"column":21}},"64":{"start":{"line":65,"column":0},"end":{"line":65,"column":22}},"65":{"start":{"line":66,"column":0},"end":{"line":66,"column":65}},"66":{"start":{"line":67,"column":0},"end":{"line":67,"column":11}},"67":{"start":{"line":68,"column":0},"end":{"line":68,"column":65}},"68":{"start":{"line":69,"column":0},"end":{"line":69,"column":65}},"69":{"start":{"line":70,"column":0},"end":{"line":70,"column":9}},"70":{"start":{"line":71,"column":0},"end":{"line":71,"column":7}},"71":{"start":{"line":72,"column":0},"end":{"line":72,"column":5}},"72":{"start":{"line":73,"column":0},"end":{"line":73,"column":53}},"73":{"start":{"line":74,"column":0},"end":{"line":74,"column":89}},"74":{"start":{"line":75,"column":0},"end":{"line":75,"column":78}},"75":{"start":{"line":76,"column":0},"end":{"line":76,"column":3}},"76":{"start":{"line":77,"column":0},"end":{"line":77,"column":28}},"77":{"start":{"line":78,"column":0},"end":{"line":78,"column":31}},"78":{"start":{"line":79,"column":0},"end":{"line":79,"column":29}},"79":{"start":{"line":80,"column":0},"end":{"line":80,"column":42}},"80":{"start":{"line":81,"column":0},"end":{"line":81,"column":25}},"81":{"start":{"line":82,"column":0},"end":{"line":82,"column":63}},"82":{"start":{"line":83,"column":0},"end":{"line":83,"column":36}},"83":{"start":{"line":84,"column":0},"end":{"line":84,"column":7}},"84":{"start":{"line":85,"column":0},"end":{"line":85,"column":19}},"85":{"start":{"line":86,"column":0},"end":{"line":86,"column":42}},"86":{"start":{"line":87,"column":0},"end":{"line":87,"column":51}},"87":{"start":{"line":88,"column":0},"end":{"line":88,"column":34}},"88":{"start":{"line":89,"column":0},"end":{"line":89,"column":27}},"89":{"start":{"line":90,"column":0},"end":{"line":90,"column":24}},"90":{"start":{"line":91,"column":0},"end":{"line":91,"column":52}},"91":{"start":{"line":92,"column":0},"end":{"line":92,"column":36}},"92":{"start":{"line":93,"column":0},"end":{"line":93,"column":76}},"93":{"start":{"line":94,"column":0},"end":{"line":94,"column":47}},"94":{"start":{"line":95,"column":0},"end":{"line":95,"column":47}},"95":{"start":{"line":96,"column":0},"end":{"line":96,"column":47}},"96":{"start":{"line":97,"column":0},"end":{"line":97,"column":23}},"97":{"start":{"line":98,"column":0},"end":{"line":98,"column":18}},"98":{"start":{"line":99,"column":0},"end":{"line":99,"column":29}},"99":{"start":{"line":100,"column":0},"end":{"line":100,"column":11}},"100":{"start":{"line":101,"column":0},"end":{"line":101,"column":9}},"101":{"start":{"line":102,"column":0},"end":{"line":102,"column":35}},"102":{"start":{"line":103,"column":0},"end":{"line":103,"column":7}},"103":{"start":{"line":104,"column":0},"end":{"line":104,"column":19}},"104":{"start":{"line":105,"column":0},"end":{"line":105,"column":7}},"105":{"start":{"line":106,"column":0},"end":{"line":106,"column":66}},"106":{"start":{"line":107,"column":0},"end":{"line":107,"column":28}},"107":{"start":{"line":108,"column":0},"end":{"line":108,"column":3}},"108":{"start":{"line":109,"column":0},"end":{"line":109,"column":43}},"109":{"start":{"line":110,"column":0},"end":{"line":110,"column":58}},"110":{"start":{"line":111,"column":0},"end":{"line":111,"column":24}},"111":{"start":{"line":112,"column":0},"end":{"line":112,"column":39}},"112":{"start":{"line":113,"column":0},"end":{"line":113,"column":13}},"113":{"start":{"line":114,"column":0},"end":{"line":114,"column":5}},"114":{"start":{"line":115,"column":0},"end":{"line":115,"column":23}},"115":{"start":{"line":116,"column":0},"end":{"line":116,"column":32}},"116":{"start":{"line":117,"column":0},"end":{"line":117,"column":44}},"117":{"start":{"line":118,"column":0},"end":{"line":118,"column":37}},"118":{"start":{"line":119,"column":0},"end":{"line":119,"column":58}},"119":{"start":{"line":120,"column":0},"end":{"line":120,"column":20}},"120":{"start":{"line":121,"column":0},"end":{"line":121,"column":74}},"121":{"start":{"line":122,"column":0},"end":{"line":122,"column":33}},"122":{"start":{"line":123,"column":0},"end":{"line":123,"column":3}},"123":{"start":{"line":124,"column":0},"end":{"line":124,"column":30}},"124":{"start":{"line":125,"column":0},"end":{"line":125,"column":58}},"125":{"start":{"line":126,"column":0},"end":{"line":126,"column":33}},"126":{"start":{"line":127,"column":0},"end":{"line":127,"column":27}},"127":{"start":{"line":128,"column":0},"end":{"line":128,"column":3}},"128":{"start":{"line":129,"column":0},"end":{"line":129,"column":35}},"129":{"start":{"line":130,"column":0},"end":{"line":130,"column":55}},"130":{"start":{"line":131,"column":0},"end":{"line":131,"column":47}},"131":{"start":{"line":132,"column":0},"end":{"line":132,"column":11}},"132":{"start":{"line":133,"column":0},"end":{"line":133,"column":24}},"133":{"start":{"line":134,"column":0},"end":{"line":134,"column":39}},"134":{"start":{"line":135,"column":0},"end":{"line":135,"column":13}},"135":{"start":{"line":136,"column":0},"end":{"line":136,"column":5}},"136":{"start":{"line":137,"column":0},"end":{"line":137,"column":15}},"137":{"start":{"line":138,"column":0},"end":{"line":138,"column":68}},"138":{"start":{"line":139,"column":0},"end":{"line":139,"column":48}},"139":{"start":{"line":140,"column":0},"end":{"line":140,"column":28}},"140":{"start":{"line":141,"column":0},"end":{"line":141,"column":22}},"141":{"start":{"line":142,"column":0},"end":{"line":142,"column":24}},"142":{"start":{"line":143,"column":0},"end":{"line":143,"column":13}},"143":{"start":{"line":144,"column":0},"end":{"line":144,"column":5}},"144":{"start":{"line":145,"column":0},"end":{"line":145,"column":34}},"145":{"start":{"line":146,"column":0},"end":{"line":146,"column":9}},"146":{"start":{"line":147,"column":0},"end":{"line":147,"column":24}},"147":{"start":{"line":148,"column":0},"end":{"line":148,"column":38}},"148":{"start":{"line":149,"column":0},"end":{"line":149,"column":41}},"149":{"start":{"line":150,"column":0},"end":{"line":150,"column":47}},"150":{"start":{"line":151,"column":0},"end":{"line":151,"column":50}},"151":{"start":{"line":152,"column":0},"end":{"line":152,"column":22}},"152":{"start":{"line":153,"column":0},"end":{"line":153,"column":31}},"153":{"start":{"line":154,"column":0},"end":{"line":154,"column":71}},"154":{"start":{"line":155,"column":0},"end":{"line":155,"column":34}},"155":{"start":{"line":156,"column":0},"end":{"line":156,"column":38}},"156":{"start":{"line":157,"column":0},"end":{"line":157,"column":37}},"157":{"start":{"line":158,"column":0},"end":{"line":158,"column":20}},"158":{"start":{"line":159,"column":0},"end":{"line":159,"column":47}},"159":{"start":{"line":160,"column":0},"end":{"line":160,"column":11}},"160":{"start":{"line":161,"column":0},"end":{"line":161,"column":41}},"161":{"start":{"line":162,"column":0},"end":{"line":162,"column":10}},"162":{"start":{"line":163,"column":0},"end":{"line":163,"column":18}},"163":{"start":{"line":164,"column":0},"end":{"line":164,"column":6}},"164":{"start":{"line":165,"column":0},"end":{"line":165,"column":49}},"165":{"start":{"line":166,"column":0},"end":{"line":166,"column":38}},"166":{"start":{"line":167,"column":0},"end":{"line":167,"column":7}},"167":{"start":{"line":168,"column":0},"end":{"line":168,"column":42}},"168":{"start":{"line":169,"column":0},"end":{"line":169,"column":39}},"169":{"start":{"line":170,"column":0},"end":{"line":170,"column":16}},"170":{"start":{"line":171,"column":0},"end":{"line":171,"column":73}},"171":{"start":{"line":172,"column":0},"end":{"line":172,"column":14}},"172":{"start":{"line":173,"column":0},"end":{"line":173,"column":56}},"173":{"start":{"line":174,"column":0},"end":{"line":174,"column":3}},"174":{"start":{"line":175,"column":0},"end":{"line":175,"column":25}},"175":{"start":{"line":176,"column":0},"end":{"line":176,"column":27}},"176":{"start":{"line":177,"column":0},"end":{"line":177,"column":47}},"177":{"start":{"line":178,"column":0},"end":{"line":178,"column":5}},"178":{"start":{"line":179,"column":0},"end":{"line":179,"column":13}},"179":{"start":{"line":180,"column":0},"end":{"line":180,"column":3}},"180":{"start":{"line":181,"column":0},"end":{"line":181,"column":52}},"181":{"start":{"line":182,"column":0},"end":{"line":182,"column":39}},"182":{"start":{"line":183,"column":0},"end":{"line":183,"column":27}},"183":{"start":{"line":184,"column":0},"end":{"line":184,"column":20}},"184":{"start":{"line":185,"column":0},"end":{"line":185,"column":25}},"185":{"start":{"line":186,"column":0},"end":{"line":186,"column":5}},"186":{"start":{"line":187,"column":0},"end":{"line":187,"column":35}},"187":{"start":{"line":188,"column":0},"end":{"line":188,"column":7}},"188":{"start":{"line":189,"column":0},"end":{"line":189,"column":48}},"189":{"start":{"line":190,"column":0},"end":{"line":190,"column":40}},"190":{"start":{"line":191,"column":0},"end":{"line":191,"column":7}},"191":{"start":{"line":192,"column":0},"end":{"line":192,"column":19}},"192":{"start":{"line":193,"column":0},"end":{"line":193,"column":23}},"193":{"start":{"line":194,"column":0},"end":{"line":194,"column":21}},"194":{"start":{"line":195,"column":0},"end":{"line":195,"column":20}},"195":{"start":{"line":196,"column":0},"end":{"line":196,"column":7}},"196":{"start":{"line":197,"column":0},"end":{"line":197,"column":6}},"197":{"start":{"line":198,"column":0},"end":{"line":198,"column":12}},"198":{"start":{"line":199,"column":0},"end":{"line":199,"column":5}}},"s":{"0":1,"1":1,"2":1,"3":1,"4":0,"5":1,"6":1,"7":1,"8":1,"9":0,"10":0,"11":1,"12":1,"13":3,"14":3,"15":3,"16":3,"17":3,"18":3,"19":0,"20":0,"21":0,"22":3,"23":3,"24":3,"25":3,"26":3,"27":3,"28":0,"29":0,"30":0,"31":0,"32":0,"33":0,"34":0,"35":0,"36":0,"37":0,"38":0,"39":3,"40":3,"41":3,"42":3,"43":3,"44":3,"45":3,"46":3,"47":1,"48":3,"49":3,"50":3,"51":3,"52":3,"53":1,"54":1,"55":1,"56":1,"57":1,"58":1,"59":1,"60":1,"61":3,"62":3,"63":3,"64":3,"65":3,"66":3,"67":3,"68":3,"69":3,"70":3,"71":1,"72":1,"73":1,"74":0,"75":0,"76":1,"77":1,"78":1,"79":3,"80":3,"81":3,"82":3,"83":1,"84":1,"85":1,"86":1,"87":1,"88":1,"89":1,"90":1,"91":3,"92":3,"93":3,"94":3,"95":3,"96":3,"97":3,"98":0,"99":0,"100":3,"101":1,"102":1,"103":1,"104":1,"105":1,"106":1,"107":1,"108":1,"109":1,"110":1,"111":1,"112":1,"113":1,"114":0,"115":0,"116":0,"117":0,"118":0,"119":0,"120":0,"121":0,"122":0,"123":1,"124":1,"125":1,"126":1,"127":1,"128":1,"129":1,"130":1,"131":1,"132":1,"133":0,"134":0,"135":0,"136":1,"137":1,"138":1,"139":1,"140":1,"141":0,"142":0,"143":0,"144":1,"145":1,"146":1,"147":6,"148":6,"149":3,"150":3,"151":3,"152":3,"153":1,"154":1,"155":1,"156":1,"157":3,"158":3,"159":3,"160":2,"161":1,"162":1,"163":1,"164":1,"165":1,"166":1,"167":1,"168":1,"169":1,"170":1,"171":1,"172":1,"173":1,"174":1,"175":5,"176":1,"177":1,"178":4,"179":4,"180":1,"181":1,"182":1,"183":1,"184":1,"185":1,"186":1,"187":1,"188":1,"189":1,"190":1,"191":1,"192":1,"193":1,"194":1,"195":1,"196":1,"197":1,"198":1},"branchMap":{"0":{"type":"branch","line":2,"loc":{"start":{"line":2,"column":1},"end":{"line":199,"column":3}},"locations":[{"start":{"line":2,"column":1},"end":{"line":199,"column":3}}]},"1":{"type":"branch","line":181,"loc":{"start":{"line":181,"column":45},"end":{"line":181,"column":51}},"locations":[{"start":{"line":181,"column":45},"end":{"line":181,"column":51}}]},"2":{"type":"branch","line":198,"loc":{"start":{"line":198,"column":4},"end":{"line":198,"column":12}},"locations":[{"start":{"line":198,"column":4},"end":{"line":198,"column":12}}]},"3":{"type":"branch","line":3,"loc":{"start":{"line":3,"column":2},"end":{"line":11,"column":3}},"locations":[{"start":{"line":3,"column":2},"end":{"line":11,"column":3}}]},"4":{"type":"branch","line":4,"loc":{"start":{"line":4,"column":48},"end":{"line":11,"column":3}},"locations":[{"start":{"line":4,"column":48},"end":{"line":11,"column":3}}]},"5":{"type":"branch","line":5,"loc":{"start":{"line":5,"column":24},"end":{"line":10,"column":5}},"locations":[{"start":{"line":5,"column":24},"end":{"line":10,"column":5}}]},"6":{"type":"branch","line":8,"loc":{"start":{"line":8,"column":17},"end":{"line":8,"column":36}},"locations":[{"start":{"line":8,"column":17},"end":{"line":8,"column":36}}]},"7":{"type":"branch","line":13,"loc":{"start":{"line":13,"column":2},"end":{"line":47,"column":3}},"locations":[{"start":{"line":13,"column":2},"end":{"line":47,"column":3}}]},"8":{"type":"branch","line":14,"loc":{"start":{"line":14,"column":21},"end":{"line":14,"column":56}},"locations":[{"start":{"line":14,"column":21},"end":{"line":14,"column":56}}]},"9":{"type":"branch","line":16,"loc":{"start":{"line":16,"column":12},"end":{"line":16,"column":47}},"locations":[{"start":{"line":16,"column":12},"end":{"line":16,"column":47}}]},"10":{"type":"branch","line":19,"loc":{"start":{"line":19,"column":49},"end":{"line":22,"column":5}},"locations":[{"start":{"line":19,"column":49},"end":{"line":22,"column":5}}]},"11":{"type":"branch","line":28,"loc":{"start":{"line":28,"column":11},"end":{"line":39,"column":5}},"locations":[{"start":{"line":28,"column":11},"end":{"line":39,"column":5}}]},"12":{"type":"branch","line":43,"loc":{"start":{"line":43,"column":26},"end":{"line":43,"column":38}},"locations":[{"start":{"line":43,"column":26},"end":{"line":43,"column":38}}]},"13":{"type":"branch","line":45,"loc":{"start":{"line":45,"column":21},"end":{"line":45,"column":66}},"locations":[{"start":{"line":45,"column":21},"end":{"line":45,"column":66}}]},"14":{"type":"branch","line":48,"loc":{"start":{"line":48,"column":2},"end":{"line":53,"column":3}},"locations":[{"start":{"line":48,"column":2},"end":{"line":53,"column":3}}]},"15":{"type":"branch","line":49,"loc":{"start":{"line":49,"column":34},"end":{"line":49,"column":69}},"locations":[{"start":{"line":49,"column":34},"end":{"line":49,"column":69}}]},"16":{"type":"branch","line":51,"loc":{"start":{"line":51,"column":6},"end":{"line":51,"column":67}},"locations":[{"start":{"line":51,"column":6},"end":{"line":51,"column":67}}]},"17":{"type":"branch","line":54,"loc":{"start":{"line":54,"column":2},"end":{"line":76,"column":3}},"locations":[{"start":{"line":54,"column":2},"end":{"line":76,"column":3}}]},"18":{"type":"branch","line":55,"loc":{"start":{"line":55,"column":21},"end":{"line":55,"column":32}},"locations":[{"start":{"line":55,"column":21},"end":{"line":55,"column":32}}]},"19":{"type":"branch","line":60,"loc":{"start":{"line":60,"column":28},"end":{"line":60,"column":37}},"locations":[{"start":{"line":60,"column":28},"end":{"line":60,"column":37}}]},"20":{"type":"branch","line":61,"loc":{"start":{"line":61,"column":43},"end":{"line":71,"column":7}},"locations":[{"start":{"line":61,"column":43},"end":{"line":71,"column":7}}]},"21":{"type":"branch","line":66,"loc":{"start":{"line":66,"column":33},"end":{"line":66,"column":64}},"locations":[{"start":{"line":66,"column":33},"end":{"line":66,"column":64}}]},"22":{"type":"branch","line":68,"loc":{"start":{"line":68,"column":32},"end":{"line":68,"column":49}},"locations":[{"start":{"line":68,"column":32},"end":{"line":68,"column":49}}]},"23":{"type":"branch","line":68,"loc":{"start":{"line":68,"column":51},"end":{"line":68,"column":65}},"locations":[{"start":{"line":68,"column":51},"end":{"line":68,"column":65}}]},"24":{"type":"branch","line":69,"loc":{"start":{"line":69,"column":32},"end":{"line":69,"column":49}},"locations":[{"start":{"line":69,"column":32},"end":{"line":69,"column":49}}]},"25":{"type":"branch","line":73,"loc":{"start":{"line":73,"column":27},"end":{"line":73,"column":38}},"locations":[{"start":{"line":73,"column":27},"end":{"line":73,"column":38}}]},"26":{"type":"branch","line":74,"loc":{"start":{"line":74,"column":71},"end":{"line":76,"column":3}},"locations":[{"start":{"line":74,"column":71},"end":{"line":76,"column":3}}]},"27":{"type":"branch","line":75,"loc":{"start":{"line":75,"column":20},"end":{"line":75,"column":76}},"locations":[{"start":{"line":75,"column":20},"end":{"line":75,"column":76}}]},"28":{"type":"branch","line":75,"loc":{"start":{"line":75,"column":71},"end":{"line":75,"column":76}},"locations":[{"start":{"line":75,"column":71},"end":{"line":75,"column":76}}]},"29":{"type":"branch","line":77,"loc":{"start":{"line":77,"column":2},"end":{"line":108,"column":3}},"locations":[{"start":{"line":77,"column":2},"end":{"line":108,"column":3}}]},"30":{"type":"branch","line":79,"loc":{"start":{"line":79,"column":19},"end":{"line":84,"column":5}},"locations":[{"start":{"line":79,"column":19},"end":{"line":84,"column":5}}]},"31":{"type":"branch","line":81,"loc":{"start":{"line":81,"column":18},"end":{"line":81,"column":25}},"locations":[{"start":{"line":81,"column":18},"end":{"line":81,"column":25}}]},"32":{"type":"branch","line":82,"loc":{"start":{"line":82,"column":32},"end":{"line":82,"column":63}},"locations":[{"start":{"line":82,"column":32},"end":{"line":82,"column":63}}]},"33":{"type":"branch","line":86,"loc":{"start":{"line":86,"column":21},"end":{"line":105,"column":5}},"locations":[{"start":{"line":86,"column":21},"end":{"line":105,"column":5}}]},"34":{"type":"branch","line":91,"loc":{"start":{"line":91,"column":51},"end":{"line":101,"column":9}},"locations":[{"start":{"line":91,"column":51},"end":{"line":101,"column":9}}]},"35":{"type":"branch","line":93,"loc":{"start":{"line":93,"column":31},"end":{"line":93,"column":73}},"locations":[{"start":{"line":93,"column":31},"end":{"line":93,"column":73}}]},"36":{"type":"branch","line":94,"loc":{"start":{"line":94,"column":40},"end":{"line":94,"column":46}},"locations":[{"start":{"line":94,"column":40},"end":{"line":94,"column":46}}]},"37":{"type":"branch","line":98,"loc":{"start":{"line":98,"column":11},"end":{"line":100,"column":11}},"locations":[{"start":{"line":98,"column":11},"end":{"line":100,"column":11}}]},"38":{"type":"branch","line":109,"loc":{"start":{"line":109,"column":2},"end":{"line":123,"column":3}},"locations":[{"start":{"line":109,"column":2},"end":{"line":123,"column":3}}]},"39":{"type":"branch","line":114,"loc":{"start":{"line":114,"column":4},"end":{"line":123,"column":3}},"locations":[{"start":{"line":114,"column":4},"end":{"line":123,"column":3}}]},"40":{"type":"branch","line":124,"loc":{"start":{"line":124,"column":2},"end":{"line":128,"column":3}},"locations":[{"start":{"line":124,"column":2},"end":{"line":128,"column":3}}]},"41":{"type":"branch","line":126,"loc":{"start":{"line":126,"column":23},"end":{"line":126,"column":33}},"locations":[{"start":{"line":126,"column":23},"end":{"line":126,"column":33}}]},"42":{"type":"branch","line":129,"loc":{"start":{"line":129,"column":2},"end":{"line":174,"column":3}},"locations":[{"start":{"line":129,"column":2},"end":{"line":174,"column":3}}]},"43":{"type":"branch","line":132,"loc":{"start":{"line":132,"column":-1},"end":{"line":132,"column":10}},"locations":[{"start":{"line":132,"column":-1},"end":{"line":132,"column":10}}]},"44":{"type":"branch","line":133,"loc":{"start":{"line":133,"column":23},"end":{"line":136,"column":5}},"locations":[{"start":{"line":133,"column":23},"end":{"line":136,"column":5}}]},"45":{"type":"branch","line":140,"loc":{"start":{"line":140,"column":-1},"end":{"line":140,"column":27}},"locations":[{"start":{"line":140,"column":-1},"end":{"line":140,"column":27}}]},"46":{"type":"branch","line":141,"loc":{"start":{"line":141,"column":21},"end":{"line":144,"column":5}},"locations":[{"start":{"line":141,"column":21},"end":{"line":144,"column":5}}]},"47":{"type":"branch","line":145,"loc":{"start":{"line":145,"column":27},"end":{"line":163,"column":18}},"locations":[{"start":{"line":145,"column":27},"end":{"line":163,"column":18}}]},"48":{"type":"branch","line":147,"loc":{"start":{"line":147,"column":14},"end":{"line":162,"column":9}},"locations":[{"start":{"line":147,"column":14},"end":{"line":162,"column":9}}]},"49":{"type":"branch","line":148,"loc":{"start":{"line":148,"column":28},"end":{"line":148,"column":38}},"locations":[{"start":{"line":148,"column":28},"end":{"line":148,"column":38}}]},"50":{"type":"branch","line":148,"loc":{"start":{"line":148,"column":37},"end":{"line":149,"column":40}},"locations":[{"start":{"line":148,"column":37},"end":{"line":149,"column":40}}]},"51":{"type":"branch","line":149,"loc":{"start":{"line":149,"column":40},"end":{"line":160,"column":11}},"locations":[{"start":{"line":149,"column":40},"end":{"line":160,"column":11}}]},"52":{"type":"branch","line":151,"loc":{"start":{"line":151,"column":33},"end":{"line":151,"column":42}},"locations":[{"start":{"line":151,"column":33},"end":{"line":151,"column":42}}]},"53":{"type":"branch","line":151,"loc":{"start":{"line":151,"column":42},"end":{"line":151,"column":49}},"locations":[{"start":{"line":151,"column":42},"end":{"line":151,"column":49}}]},"54":{"type":"branch","line":154,"loc":{"start":{"line":154,"column":-1},"end":{"line":157,"column":37}},"locations":[{"start":{"line":154,"column":-1},"end":{"line":157,"column":37}}]},"55":{"type":"branch","line":158,"loc":{"start":{"line":158,"column":-1},"end":{"line":158,"column":19}},"locations":[{"start":{"line":158,"column":-1},"end":{"line":158,"column":19}}]},"56":{"type":"branch","line":159,"loc":{"start":{"line":159,"column":38},"end":{"line":159,"column":44}},"locations":[{"start":{"line":159,"column":38},"end":{"line":159,"column":44}}]},"57":{"type":"branch","line":160,"loc":{"start":{"line":160,"column":10},"end":{"line":162,"column":9}},"locations":[{"start":{"line":160,"column":10},"end":{"line":162,"column":9}}]},"58":{"type":"branch","line":173,"loc":{"start":{"line":173,"column":15},"end":{"line":173,"column":48}},"locations":[{"start":{"line":173,"column":15},"end":{"line":173,"column":48}}]},"59":{"type":"branch","line":175,"loc":{"start":{"line":175,"column":2},"end":{"line":180,"column":3}},"locations":[{"start":{"line":175,"column":2},"end":{"line":180,"column":3}}]},"60":{"type":"branch","line":176,"loc":{"start":{"line":176,"column":26},"end":{"line":178,"column":5}},"locations":[{"start":{"line":176,"column":26},"end":{"line":178,"column":5}}]},"61":{"type":"branch","line":178,"loc":{"start":{"line":178,"column":4},"end":{"line":180,"column":3}},"locations":[{"start":{"line":178,"column":4},"end":{"line":180,"column":3}}]}},"b":{"0":[1],"1":[0],"2":[0],"3":[1],"4":[0],"5":[1],"6":[1],"7":[3],"8":[0],"9":[0],"10":[0],"11":[0],"12":[0],"13":[0],"14":[3],"15":[0],"16":[0],"17":[1],"18":[0],"19":[0],"20":[3],"21":[0],"22":[2],"23":[1],"24":[2],"25":[0],"26":[0],"27":[1],"28":[0],"29":[1],"30":[3],"31":[0],"32":[1],"33":[1],"34":[3],"35":[0],"36":[0],"37":[0],"38":[1],"39":[0],"40":[1],"41":[0],"42":[1],"43":[0],"44":[0],"45":[0],"46":[0],"47":[1],"48":[6],"49":[1],"50":[5],"51":[3],"52":[2],"53":[1],"54":[1],"55":[2],"56":[0],"57":[2],"58":[1],"59":[5],"60":[1],"61":[4]},"fnMap":{"0":{"name":"ensureXLSX","decl":{"start":{"line":3,"column":2},"end":{"line":11,"column":3}},"loc":{"start":{"line":3,"column":2},"end":{"line":11,"column":3}},"line":3},"1":{"name":"s.onload","decl":{"start":{"line":8,"column":17},"end":{"line":8,"column":36}},"loc":{"start":{"line":8,"column":17},"end":{"line":8,"column":36}},"line":8},"2":{"name":"parseCellValue","decl":{"start":{"line":13,"column":2},"end":{"line":47,"column":3}},"loc":{"start":{"line":13,"column":2},"end":{"line":47,"column":3}},"line":13},"3":{"name":"wrapForSheet","decl":{"start":{"line":48,"column":2},"end":{"line":53,"column":3}},"loc":{"start":{"line":48,"column":2},"end":{"line":53,"column":3}},"line":48},"4":{"name":"optimizeAOA","decl":{"start":{"line":54,"column":2},"end":{"line":76,"column":3}},"loc":{"start":{"line":54,"column":2},"end":{"line":76,"column":3}},"line":54},"5":{"name":"buildAOA","decl":{"start":{"line":77,"column":2},"end":{"line":108,"column":3}},"loc":{"start":{"line":77,"column":2},"end":{"line":108,"column":3}},"line":77},"6":{"name":"exportSelectionToExcel","decl":{"start":{"line":109,"column":2},"end":{"line":123,"column":3}},"loc":{"start":{"line":109,"column":2},"end":{"line":123,"column":3}},"line":109},"7":{"name":"getSelectionAOA","decl":{"start":{"line":124,"column":2},"end":{"line":128,"column":3}},"loc":{"start":{"line":124,"column":2},"end":{"line":128,"column":3}},"line":124},"8":{"name":"exportSelectionToCSV","decl":{"start":{"line":129,"column":2},"end":{"line":174,"column":3}},"loc":{"start":{"line":129,"column":2},"end":{"line":174,"column":3}},"line":129},"9":{"name":"csvEscape","decl":{"start":{"line":175,"column":2},"end":{"line":180,"column":3}},"loc":{"start":{"line":175,"column":2},"end":{"line":180,"column":3}},"line":175}},"f":{"0":1,"1":1,"2":3,"3":3,"4":1,"5":1,"6":1,"7":1,"8":1,"9":5}}
[...]
e":99,"column":0}},"99":{"start":{"line":100,"column":0},"end":{"line":100,"column":15}},"100":{"start":{"line":101,"column":0},"end":{"line":101,"column":45}},"101":{"start":{"line":102,"column":0},"end":{"line":102,"column":103}},"102":{"start":{"line":103,"column":0},"end":{"line":103,"column":7}},"103":{"start":{"line":104,"column":0},"end":{"line":104,"column":45}},"104":{"start":{"line":105,"column":0},"end":{"line":105,"column":103}},"105":{"start":{"line":106,"column":0},"end":{"line":106,"column":7}},"106":{"start":{"line":107,"column":0},"end":{"line":107,"column":46}},"107":{"start":{"line":108,"column":0},"end":{"line":108,"column":80}},"108":{"start":{"line":109,"column":0},"end":{"line":109,"column":7}},"109":{"start":{"line":110,"column":0},"end":{"line":110,"column":53}},"110":{"start":{"line":111,"column":0},"end":{"line":111,"column":76}},"111":{"start":{"line":112,"column":0},"end":{"line":112,"column":11}},"112":{"start":{"line":113,"column":0},"end":{"line":113,"column":72}},"113":{"start":{"line":114,"column":0},"end":{"line":114,"column":37}},"114":{"start":{"line":115,"column":0},"end":{"line":115,"column":16}},"115":{"start":{"line":116,"column":0},"end":{"line":116,"column":69}},"116":{"start":{"line":117,"column":0},"end":{"line":117,"column":67}},"117":{"start":{"line":118,"column":0},"end":{"line":118,"column":9}},"118":{"start":{"line":119,"column":0},"end":{"line":119,"column":16}},"119":{"start":{"line":120,"column":0},"end":{"line":120,"column":7}},"120":{"start":{"line":121,"column":0},"end":{"line":121,"column":53}},"121":{"start":{"line":122,"column":0},"end":{"line":122,"column":36}},"122":{"start":{"line":123,"column":0},"end":{"line":123,"column":56}},"123":{"start":{"line":124,"column":0},"end":{"line":124,"column":127}},"124":{"start":{"line":125,"column":0},"end":{"line":125,"column":7}},"125":{"start":{"line":126,"column":0},"end":{"line":126,"column":47}},"126":{"start":{"line":127,"column":0},"end":{"line":127,"column":75}},"127":{"start":{"line":128,"column":0},"end":{"line":128,"column":59}},"128":{"start":{"line":129,"column":0},"end":{"line":129,"column":16}},"129":{"start":{"line":130,"column":0},"end":{"line":130,"column":114}},"130":{"start":{"line":131,"column":0},"end":{"line":131,"column":7}},"131":{"start":{"line":132,"column":0},"end":{"line":132,"column":7}},"132":{"start":{"line":133,"column":0},"end":{"line":133,"column":47}},"133":{"start":{"line":134,"column":0},"end":{"line":134,"column":62}},"134":{"start":{"line":135,"column":0},"end":{"line":135,"column":115}},"135":{"start":{"line":136,"column":0},"end":{"line":136,"column":59}},"136":{"start":{"line":137,"column":0},"end":{"line":137,"column":7}},"137":{"start":{"line":138,"column":0},"end":{"line":138,"column":44}},"138":{"start":{"line":139,"column":0},"end":{"line":139,"column":126}},"139":{"start":{"line":140,"column":0},"end":{"line":140,"column":7}},"140":{"start":{"line":141,"column":0},"end":{"line":141,"column":45}},"141":{"start":{"line":142,"column":0},"end":{"line":142,"column":132}},"142":{"start":{"line":143,"column":0},"end":{"line":143,"column":7}},"143":{"start":{"line":144,"column":0},"end":{"line":144,"column":0}},"144":{"start":{"line":145,"column":0},"end":{"line":145,"column":105}},"145":{"start":{"line":146,"column":0},"end":{"line":146,"column":29}},"146":{"start":{"line":147,"column":0},"end":{"line":147,"column":0}},"147":{"start":{"line":148,"column":0},"end":{"line":148,"column":33}},"148":{"start":{"line":149,"column":0},"end":{"line":149,"column":68}},"149":{"start":{"line":150,"column":0},"end":{"line":150,"column":0}},"150":{"start":{"line":151,"column":0},"end":{"line":151,"column":17}},"151":{"start":{"line":152,"column":0},"end":{"line":152,"column":49}},"152":{"start":{"line":153,"column":0},"end":{"line":153,"column":36}},"153":{"start":{"line":154,"column":0},"end":{"line":154,"column":91}},"154":{"start":{"line":155,"column":0},"end":{"line":155,"column":90}},"155":{"start":{"line":156,"column":0},"end":{"line":156,"column":90}},"156":{"start":{"line":157,"column":0},"end":{"line":157,"column":87}},"157":{"start":{"line":158,"column":0},"end":{"line":158,"column":144}},"158":{"start":{"line":159,"column":0},"end":{"line":159,"column":13}},"159":{"start":{"line":160,"column":0},"end":{"line":160,"column":0}},"160":{"start":{"line":161,"column":0},"end":{"line":161,"column":26}},"161":{"start":{"line":162,"column":0},"end":{"line":162,"column":47}},"162":{"start":{"line":163,"column":0},"end":{"line":163,"column":31}},"163":{"start":{"line":164,"column":0},"end":{"line":164,"column":47}},"164":{"start":{"line":165,"column":0},"end":{"line":165,"column":55}},"165":{"start":{"line":166,"column":0},"end":{"line":166,"column":54}},"166":{"start":{"line":167,"column":0},"end":{"line":167,"column":98}},"167":{"start":{"line":168,"column":0},"end":{"line":168,"column":119}},"168":{"start":{"line":169,"column":0},"end":{"line":169,"column":7}},"169":{"start":{"line":170,"column":0},"end":{"line":170,"column":169}},"170":{"start":{"line":171,"column":0},"end":{"line":171,"column":217}},"171":{"start":{"line":172,"column":0},"end":{"line":172,"column":3}},"172":{"start":{"line":173,"column":0},"end":{"line":173,"column":0}},"173":{"start":{"line":174,"column":0},"end":{"line":174,"column":26}},"174":{"start":{"line":175,"column":0},"end":{"line":175,"column":26}},"175":{"start":{"line":176,"column":0},"end":{"line":176,"column":3}},"176":{"start":{"line":177,"column":0},"end":{"line":177,"column":0}},"177":{"start":{"line":178,"column":0},"end":{"line":178,"column":24}},"178":{"start":{"line":179,"column":0},"end":{"line":179,"column":37}},"179":{"start":{"line":180,"column":0},"end":{"line":180,"column":5}}},"s":{"0":1,"1":1,"2":1,"3":1,"4":1,"5":1,"6":1,"7":1,"8":1,"9":1,"10":1,"11":1,"12":1,"13":1,"14":1,"15":1,"16":1,"17":1,"18":1,"19":1,"20":1,"21":1,"22":1,"23":1,"24":1,"25":1,"26":1,"27":1,"28":1,"29":1,"30":1,"31":1,"32":1,"33":1,"34":1,"35":1,"36":1,"37":1,"38":1,"39":1,"40":1,"41":1,"42":1,"43":1,"44":1,"45":1,"46":1,"47":1,"48":1,"49":1,"50":9,"51":9,"52":9,"53":9,"54":9,"55":9,"56":9,"57":9,"58":9,"59":1,"60":1,"61":1,"62":1,"63":1,"64":1,"65":1,"66":1,"67":1,"68":1,"69":1,"70":1,"71":1,"72":1,"73":1,"74":1,"75":1,"76":1,"77":1,"78":1,"79":1,"80":1,"81":1,"82":1,"83":1,"84":1,"85":1,"86":1,"87":1,"88":1,"89":1,"90":1,"91":1,"92":1,"93":1,"94":1,"95":1,"96":1,"97":1,"98":1,"99":1,"100":1,"101":1,"102":1,"103":1,"104":1,"105":1,"106":1,"107":1,"108":1,"109":1,"110":1,"111":1,"112":1,"113":1,"114":1,"115":0,"116":0,"117":0,"118":1,"119":1,"120":1,"121":1,"122":1,"123":1,"124":1,"125":1,"126":1,"127":1,"128":1,"129":1,"130":1,"131":1,"132":1,"133":1,"134":1,"135":1,"136":1,"137":1,"138":1,"139":1,"140":1,"141":1,"142":1,"143":1,"144":1,"145":1,"146":1,"147":1,"148":1,"149":1,"150":1,"151":1,"152":5,"153":5,"154":5,"155":5,"156":5,"157":5,"158":1,"159":1,"160":1,"161":1,"162":1,"163":1,"164":1,"165":1,"166":1,"167":1,"168":1,"169":1,"170":1,"171":1,"172":1,"173":1,"174":1,"175":1,"176":1,"177":1,"178":1,"179":1},"branchMap":{"0":{"type":"branch","line":2,"loc":{"start":{"line":2,"column":1},"end":{"line":180,"column":3}},"locations":[{"start":{"line":2,"column":1},"end":{"line":180,"column":3}}]},"1":{"type":"branch","line":6,"loc":{"start":{"line":6,"column":57},"end":{"line":6,"column":64}},"locations":[{"start":{"line":6,"column":57},"end":{"line":6,"column":64}}]},"2":{"type":"branch","line":35,"loc":{"start":{"line":35,"column":2},"end":{"line":48,"column":3}},"locations":[{"start":{"line":35,"column":2},"end":{"line":48,"column":3}}]},"3":{"type":"branch","line":37,"loc":{"start":{"line":37,"column":14},"end":{"line":37,"column":26}},"locations":[{"start":{"line":37,"column":14},"end":{"line":37,"column":26}}]},"4":{"type":"branch","line":50,"loc":{"start":{"line":50,"column":2},"end":{"line":59,"column":3}},"locations":[{"start":{"line":50,"column":2},"end":{"line":59,"column":3}}]},"5":{"type":"branch","line":53,"loc":{"start":{"line":53,"column":23},"end":{"line":53,"column":29}},"locations":[{"start":{"line":53,"column":23},"end":{"line":53,"column":29}}]},"6":{"type":"branch","line":57,"loc":{"start":{"line":57,"column":38},"end":{"line":57,"column":88}},"locations":[{"start":{"line":57,"column":38},"end":{"line":57,"column":88}}]},"7":{"type":"branch","line":61,"loc":{"start":{"line":61,"column":2},"end":{"line":66,"column":3}},"locations":[{"start":{"line":61,"column":2},"end":{"line":66,"column":3}}]},"8":{"type":"branch","line":64,"loc":{"start":{"line":64,"column":16},"end":{"line":64,"column":52}},"locations":[{"start":{"line":64,"column":16},"end":{"line":64,"column":52}}]},"9":{"type":"branch","line":65,"loc":{"start":{"line":65,"column":6},"end":{"line":65,"column":14}},"locations":[{"start":{"line":65,"column":6},"end":{"line":65,"column":14}}]},"10":{"type":"branch","line":68,"loc":{"start":{"line":68,"column":2},"end":{"line":74,"column":3}},"locations":[{"start":{"line":68,"column":2},"end":{"line":74,"column":3}}]},"11":{"type":"branch","line":72,"loc":{"start":{"line":72,"column":21},"end":{"line":72,"column":28}},"locations":[{"start":{"line":72,"column":21},"end":{"line":72,"column":28}}]},"12":{"type":"branch","line":73,"loc":{"start":{"line":73,"column":6},"end":{"line":73,"column":28}},"locations":[{"start":{"line":73,"column":6},"end":{"line":73,"column":28}}]},"13":{"type":"branch","line":76,"loc":{"start":{"line":76,"column":2},"end":{"line":172,"column":3}},"locations":[{"start":{"line":76,"column":2},"end":{"line":172,"column":3}}]},"14":{"type":"branch","line":77,"loc":{"start":{"line":77,"column":54},"end":{"line":77,"column":137}},"locations":[{"start":{"line":77,"column":54},"end":{"line":77,"column":137}}]},"15":{"type":"branch","line":149,"loc":{"start":{"line":149,"column":58},"end":{"line":149,"column":67}},"locations":[{"start":{"line":149,"column":58},"end":{"line":149,"column":67}}]},"16":{"type":"branch","line":101,"loc":{"start":{"line":101,"column":38},"end":{"line":103,"column":5}},"locations":[{"start":{"line":101,"column":38},"end":{"line":103,"column":5}}]},"17":{"type":"branch","line":102,"loc":{"start":{"line":102,"column":95},"end":{"line":102,"column":103}},"locations":[{"start":{"line":102,"column":95},"end":{"line":102,"column":103}}]},"18":{"type":"branch","line":104,"loc":{"start":{"line":104,"column":38},"end":{"line":106,"column":5}},"locations":[{"start":{"line":104,"column":38},"end":{"line":106,"column":5}}]},"19":{"type":"branch","line":105,"loc":{"start":{"line":105,"column":95},"end":{"line":105,"column":103}},"locations":[{"start":{"line":105,"column":95},"end":{"line":105,"column":103}}]},"20":{"type":"branch","line":107,"loc":{"start":{"line":107,"column":39},"end":{"line":109,"column":5}},"locations":[{"start":{"line":107,"column":39},"end":{"line":109,"column":5}}]},"21":{"type":"branch","line":108,"loc":{"start":{"line":108,"column":72},"end":{"line":108,"column":80}},"locations":[{"start":{"line":108,"column":72},"end":{"line":108,"column":80}}]},"22":{"type":"branch","line":110,"loc":{"start":{"line":110,"column":40},"end":{"line":120,"column":5}},"locations":[{"start":{"line":110,"column":40},"end":{"line":120,"column":5}}]},"23":{"type":"branch","line":115,"loc":{"start":{"line":115,"column":9},"end":{"line":118,"column":9}},"locations":[{"start":{"line":115,"column":9},"end":{"line":118,"column":9}}]},"24":{"type":"branch","line":119,"loc":{"start":{"line":119,"column":8},"end":{"line":119,"column":16}},"locations":[{"start":{"line":119,"column":8},"end":{"line":119,"column":16}}]},"25":{"type":"branch","line":121,"loc":{"start":{"line":121,"column":40},"end":{"line":125,"column":5}},"locations":[{"start":{"line":121,"column":40},"end":{"line":125,"column":5}}]},"26":{"type":"branch","line":123,"loc":{"start":{"line":123,"column":15},"end":{"line":123,"column":56}},"locations":[{"start":{"line":123,"column":15},"end":{"line":123,"column":56}}]},"27":{"type":"branch","line":124,"loc":{"start":{"line":124,"column":85},"end":{"line":124,"column":127}},"locations":[{"start":{"line":124,"column":85},"end":{"line":124,"column":127}}]},"28":{"type":"branch","line":126,"loc":{"start":{"line":126,"column":40},"end":{"line":132,"column":5}},"locations":[{"start":{"line":126,"column":40},"end":{"line":132,"column":5}}]},"29":{"type":"branch","line":127,"loc":{"start":{"line":127,"column":66},"end":{"line":127,"column":74}},"locations":[{"start":{"line":127,"column":66},"end":{"line":127,"column":74}}]},"30":{"type":"branch","line":130,"loc":{"start":{"line":130,"column":31},"end":{"line":130,"column":54}},"locations":[{"start":{"line":130,"column":31},"end":{"line":130,"column":54}}]},"31":{"type":"branch","line":130,"loc":{"start":{"line":130,"column":76},"end":{"line":130,"column":102}},"locations":[{"start":{"line":130,"column":76},"end":{"line":130,"column":102}}]},"32":{"type":"branch","line":130,"loc":{"start":{"line":130,"column":106},"end":{"line":130,"column":114}},"locations":[{"start":{"line":130,"column":106},"end":{"line":130,"column":114}}]},"33":{"type":"branch","line":133,"loc":{"start":{"line":133,"column":40},"end":{"line":137,"column":5}},"locations":[{"start":{"line":133,"column":40},"end":{"line":137,"column":5}}]},"34":{"type":"branch","line":134,"loc":{"start":{"line":134,"column":54},"end":{"line":134,"column":62}},"locations":[{"start":{"line":134,"column":54},"end":{"line":134,"column":62}}]},"35":{"type":"branch","line":135,"loc":{"start":{"line":135,"column":60},"end":{"line":135,"column":114}},"locations":[{"start":{"line":135,"column":60},"end":{"line":135,"column":114}}]},"36":{"type":"branch","line":138,"loc":{"start":{"line":138,"column":37},"end":{"line":140,"column":5}},"locations":[{"start":{"line":138,"column":37},"end":{"line":140,"column":5}}]},"37":{"type":"branch","line":139,"loc":{"start":{"line":139,"column":68},"end":{"line":139,"column":126}},"locations":[{"start":{"line":139,"column":68},"end":{"line":139,"column":126}}]},"38":{"type":"branch","line":141,"loc":{"start":{"line":141,"column":38},"end":{"line":143,"column":5}},"locations":[{"start":{"line":141,"column":38},"end":{"line":143,"column":5}}]},"39":{"type":"branch","line":142,"loc":{"start":{"line":142,"column":72},"end":{"line":142,"column":132}},"locations":[{"start":{"line":142,"column":72},"end":{"line":142,"column":132}}]},"40":{"type":"branch","line":152,"loc":{"start":{"line":152,"column":42},"end":{"line":159,"column":5}},"locations":[{"start":{"line":152,"column":42},"end":{"line":159,"column":5}}]},"41":{"type":"branch","line":154,"loc":{"start":{"line":154,"column":34},"end":{"line":154,"column":47}},"locations":[{"start":{"line":154,"column":34},"end":{"line":154,"column":47}}]},"42":{"type":"branch","line":154,"loc":{"start":{"line":154,"column":49},"end":{"line":154,"column":91}},"locations":[{"start":{"line":154,"column":49},"end":{"line":154,"column":91}}]},"43":{"type":"branch","line":155,"loc":{"start":{"line":155,"column":33},"end":{"line":155,"column":46}},"locations":[{"start":{"line":155,"column":33},"end":{"line":155,"column":46}}]},"44":{"type":"branch","line":155,"loc":{"start":{"line":155,"column":48},"end":{"line":155,"column":90}},"locations":[{"start":{"line":155,"column":48},"end":{"line":155,"column":90}}]},"45":{"type":"branch","line":156,"loc":{"start":{"line":156,"column":33},"end":{"line":156,"column":46}},"locations":[{"start":{"line":156,"column":33},"end":{"line":156,"column":46}}]},"46":{"type":"branch","line":156,"loc":{"start":{"line":156,"column":48},"end":{"line":156,"column":90}},"locations":[{"start":{"line":156,"column":48},"end":{"line":156,"column":90}}]},"47":{"type":"branch","line":157,"loc":{"start":{"line":157,"column":33},"end":{"line":157,"column":46}},"locations":[{"start":{"line":157,"column":33},"end":{"line":157,"column":46}}]},"48":{"type":"branch","line":157,"loc":{"start":{"line":157,"column":48},"end":{"line":157,"column":87}},"locations":[{"start":{"line":157,"column":48},"end":{"line":157,"column":87}}]},"49":{"type":"branch","line":158,"loc":{"start":{"line":158,"column":33},"end":{"line":158,"column":46}},"locations":[{"start":{"line":158,"column":33},"end":{"line":158,"column":46}}]},"50":{"type":"branch","line":158,"loc":{"start":{"line":158,"column":48},"end":{"line":158,"column":144}},"locations":[{"start":{"line":158,"column":48},"end":{"line":158,"column":144}}]},"51":{"type":"branch","line":164,"loc":{"start":{"line":164,"column":40},"end":{"line":169,"column":5}},"locations":[{"start":{"line":164,"column":40},"end":{"line":169,"column":5}}]},"52":{"type":"branch","line":167,"loc":{"start":{"line":167,"column":91},"end":{"line":167,"column":98}},"locations":[{"start":{"line":167,"column":91},"end":{"line":167,"column":98}}]},"53":{"type":"branch","line":167,"loc":{"start":{"line":167,"column":29},"end":{"line":167,"column":88}},"locations":[{"start":{"line":167,"column":29},"end":{"line":167,"column":88}}]},"54":{"type":"branch","line":167,"loc":{"start":{"line":167,"column":61},"end":{"line":167,"column":88}},"locations":[{"start":{"line":167,"column":61},"end":{"line":167,"column":88}}]},"55":{"type":"branch","line":170,"loc":{"start":{"line":170,"column":44},"end":{"line":170,"column":167}},"locations":[{"start":{"line":170,"column":44},"end":{"line":170,"column":167}}]},"56":{"type":"branch","line":170,"loc":{"start":{"line":170,"column":67},"end":{"line":170,"column":75}},"locations":[{"start":{"line":170,"column":67},"end":{"line":170,"column":75}}]},"57":{"type":"branch","line":171,"loc":{"start":{"line":171,"column":41},"end":{"line":171,"column":215}},"locations":[{"start":{"line":171,"column":41},"end":{"line":171,"column":215}}]},"58":{"type":"branch","line":171,"loc":{"start":{"line":171,"column":64},"end":{"line":171,"column":72}},"locations":[{"start":{"line":171,"column":64},"end":{"line":171,"column":72}}]},"59":{"type":"branch","line":171,"loc":{"start":{"line":171,"column":205},"end":{"line":171,"column":214}},"locations":[{"start":{"line":171,"column":205},"end":{"line":171,"column":214}}]},"60":{"type":"branch","line":174,"loc":{"start":{"line":174,"column":2},"end":{"line":176,"column":3}},"locations":[{"start":{"line":174,"column":2},"end":{"line":176,"column":3}}]}},"b":{"0":[1],"1":[0],"2":[1],"3":[0],"4":[9],"5":[8],"6":[2],"7":[1],"8":[0],"9":[0],"10":[1],"11":[0],"12":[0],"13":[1],"14":[0],"15":[0],"16":[1],"17":[0],"18":[1],"19":[0],"20":[1],"21":[0],"22":[1],"23":[0],"24":[0],"25":[1],"26":[0],"27":[0],"28":[1],"29":[0],"30":[0],"31":[0],"32":[0],"33":[1],"34":[0],"35":[0],"36":[1],"37":[0],"38":[1],"39":[0],"40":[5],"41":[1],"42":[1],"43":[4],"44":[1],"45":[4],"46":[1],"47":[4],"48":[1],"49":[4],"50":[1],"51":[1],"52":[0],"53":[5],"54":[3],"55":[1],"56":[0],"57":[1],"58":[0],"59":[0],"60":[1]},"fnMap":{"0":{"name":"ensureHost","decl":{"start":{"line":35,"column":2},"end":{"line":48,"column":3}},"loc":{"start":{"line":35,"column":2},"end":{"line":48,"column":3}},"line":35},"1":{"name":"makeButton","decl":{"start":{"line":50,"column":2},"end":{"line":59,"column":3}},"loc":{"start":{"line":50,"column":2},"end":{"line":59,"column":3}},"line":50},"2":{"name":"copyIdToast","decl":{"start":{"line":61,"column":2},"end":{"line":66,"column":3}},"loc":{"start":{"line":61,"column":2},"end":{"line":66,"column":3}},"line":61},"3":{"name":"tryGetCustomerId","decl":{"start":{"line":68,"column":2},"end":{"line":74,"column":3}},"loc":{"start":{"line":68,"column":2},"end":{"line":74,"column":3}},"line":68},"4":{"name":"mountUnifiedToolbar","decl":{"start":{"line":76,"column":2},"end":{"line":172,"column":3}},"loc":{"start":{"line":76,"column":2},"end":{"line":172,"column":3}},"line":76},"5":{"name":"initToolbar","decl":{"start":{"line":174,"column":2},"end":{"line":176,"column":3}},"loc":{"start":{"line":174,"column":2},"end":{"line":176,"column":3}},"line":174}},"f":{"0":1,"1":9,"2":1,"3":1,"4":1,"5":1}}
}
